[0.160s] DEBUG:colcon:Command line arguments: ['/usr/bin/colcon', 'build', '--packages-select', 'my_robot_interfaces']
[0.160s] DEBUG:colcon:Parsed command line arguments: Namespace(log_base=None, log_level=None, verb_name='build', build_base='build', install_base='install', merge_install=False, symlink_install=False, test_result_base=None, continue_on_error=False, executor='parallel', parallel_workers=2, event_handlers=None, ignore_user_meta=False, metas=['./colcon.meta'], base_paths=['.'], packages_ignore=None, packages_ignore_regex=None, paths=None, packages_up_to=None, packages_up_to_regex=None, packages_above=None, packages_above_and_dependencies=None, packages_above_depth=None, packages_select_by_dep=None, packages_skip_by_dep=None, packages_skip_up_to=None, packages_select_build_failed=False, packages_skip_build_finished=False, packages_select_test_failures=False, packages_skip_test_passed=False, packages_select=['my_robot_interfaces'], packages_skip=None, packages_select_regex=None, packages_skip_regex=None, packages_start=None, packages_end=None, allow_overriding=[], cmake_args=None, cmake_target=None, cmake_target_skip_unavailable=False, cmake_clean_cache=False, cmake_clean_first=False, cmake_force_configure=False, ament_cmake_args=None, catkin_cmake_args=None, catkin_skip_building_tests=False, mixin_files=None, mixin=None, verb_parser=<colcon_mixin.mixin.mixin_argument.MixinArgumentDecorator object at 0x76f5c3276360>, verb_extension=<colcon_core.verb.build.BuildVerb object at 0x76f5c3276000>, main=<bound method BuildVerb.main of <colcon_core.verb.build.BuildVerb object at 0x76f5c3276000>>, mixin_verb=('build',))
[0.212s] Level 1:colcon.colcon_core.package_discovery:discover_packages(colcon_meta) check parameters
[0.214s] Level 1:colcon.colcon_core.package_discovery:discover_packages(recursive) check parameters
[0.214s] Level 1:colcon.colcon_core.package_discovery:discover_packages(ignore) check parameters
[0.214s] Level 1:colcon.colcon_core.package_discovery:discover_packages(path) check parameters
[0.214s] Level 1:colcon.colcon_core.package_discovery:discover_packages(colcon_meta) discover
[0.214s] Level 1:colcon.colcon_core.package_discovery:discover_packages(recursive) discover
[0.214s] INFO:colcon.colcon_core.package_discovery:Crawling recursively for packages in '/home/zadok/ros2_ws/src'
[0.215s] Level 1:colcon.colcon_core.package_identification:_identify(.) by extensions ['ignore', 'ignore_ament_install']
[0.215s] Level 1:colcon.colcon_core.package_identification:_identify(.) by extension 'ignore'
[0.215s] Level 1:colcon.colcon_core.package_identification:_identify(.) by extension 'ignore_ament_install'
[0.215s] Level 1:colcon.colcon_core.package_identification:_identify(.) by extensions ['colcon_pkg']
[0.215s] Level 1:colcon.colcon_core.package_identification:_identify(.) by extension 'colcon_pkg'
[0.215s] Level 1:colcon.colcon_core.package_identification:_identify(.) by extensions ['colcon_meta']
[0.215s] Level 1:colcon.colcon_core.package_identification:_identify(.) by extension 'colcon_meta'
[0.215s] Level 1:colcon.colcon_core.package_identification:_identify(.) by extensions ['ros']
[0.215s] Level 1:colcon.colcon_core.package_identification:_identify(.) by extension 'ros'
[0.302s] Level 1:colcon.colcon_core.package_identification:_identify(.) by extensions ['cmake', 'python']
[0.303s] Level 1:colcon.colcon_core.package_identification:_identify(.) by extension 'cmake'
[0.303s] Level 1:colcon.colcon_core.package_identification:_identify(.) by extension 'python'
[0.303s] Level 1:colcon.colcon_core.package_identification:_identify(.) by extensions ['python_setup_py']
[0.303s] Level 1:colcon.colcon_core.package_identification:_identify(.) by extension 'python_setup_py'
[0.303s] Level 1:colcon.colcon_core.package_identification:_identify(build) by extensions ['ignore', 'ignore_ament_install']
[0.304s] Level 1:colcon.colcon_core.package_identification:_identify(build) by extension 'ignore'
[0.304s] Level 1:colcon.colcon_core.package_identification:_identify(build) ignored
[0.307s] Level 1:colcon.colcon_core.package_identification:_identify(install) by extensions ['ignore', 'ignore_ament_install']
[0.308s] Level 1:colcon.colcon_core.package_identification:_identify(install) by extension 'ignore'
[0.309s] Level 1:colcon.colcon_core.package_identification:_identify(install) ignored
[0.309s] Level 1:colcon.colcon_core.package_identification:_identify(log) by extensions ['ignore', 'ignore_ament_install']
[0.309s] Level 1:colcon.colcon_core.package_identification:_identify(log) by extension 'ignore'
[0.309s] Level 1:colcon.colcon_core.package_identification:_identify(log) ignored
[0.309s] Level 1:colcon.colcon_core.package_identification:_identify(my_cpp_pkg) by extensions ['ignore', 'ignore_ament_install']
[0.309s] Level 1:colcon.colcon_core.package_identification:_identify(my_cpp_pkg) by extension 'ignore'
[0.309s] Level 1:colcon.colcon_core.package_identification:_identify(my_cpp_pkg) by extension 'ignore_ament_install'
[0.310s] Level 1:colcon.colcon_core.package_identification:_identify(my_cpp_pkg) by extensions ['colcon_pkg']
[0.310s] Level 1:colcon.colcon_core.package_identification:_identify(my_cpp_pkg) by extension 'colcon_pkg'
[0.310s] Level 1:colcon.colcon_core.package_identification:_identify(my_cpp_pkg) by extensions ['colcon_meta']
[0.311s] Level 1:colcon.colcon_core.package_identification:_identify(my_cpp_pkg) by extension 'colcon_meta'
[0.311s] Level 1:colcon.colcon_core.package_identification:_identify(my_cpp_pkg) by extensions ['ros']
[0.311s] Level 1:colcon.colcon_core.package_identification:_identify(my_cpp_pkg) by extension 'ros'
[0.315s] DEBUG:colcon.colcon_core.package_identification:Package 'my_cpp_pkg' with type 'ros.ament_cmake' and name 'my_cpp_pkg'
[0.315s] Level 1:colcon.colcon_core.package_identification:_identify(my_py_pkg) by extensions ['ignore', 'ignore_ament_install']
[0.316s] Level 1:colcon.colcon_core.package_identification:_identify(my_py_pkg) by extension 'ignore'
[0.316s] Level 1:colcon.colcon_core.package_identification:_identify(my_py_pkg) by extension 'ignore_ament_install'
[0.316s] Level 1:colcon.colcon_core.package_identification:_identify(my_py_pkg) by extensions ['colcon_pkg']
[0.316s] Level 1:colcon.colcon_core.package_identification:_identify(my_py_pkg) by extension 'colcon_pkg'
[0.316s] Level 1:colcon.colcon_core.package_identification:_identify(my_py_pkg) by extensions ['colcon_meta']
[0.317s] Level 1:colcon.colcon_core.package_identification:_identify(my_py_pkg) by extension 'colcon_meta'
[0.317s] Level 1:colcon.colcon_core.package_identification:_identify(my_py_pkg) by extensions ['ros']
[0.317s] Level 1:colcon.colcon_core.package_identification:_identify(my_py_pkg) by extension 'ros'
[0.318s] DEBUG:colcon.colcon_core.package_identification:Package 'my_py_pkg' with type 'ros.ament_python' and name 'my_py_pkg'
[0.319s] Level 1:colcon.colcon_core.package_identification:_identify(my_robot_interfaces) by extensions ['ignore', 'ignore_ament_install']
[0.319s] Level 1:colcon.colcon_core.package_identification:_identify(my_robot_interfaces) by extension 'ignore'
[0.319s] Level 1:colcon.colcon_core.package_identification:_identify(my_robot_interfaces) by extension 'ignore_ament_install'
[0.320s] Level 1:colcon.colcon_core.package_identification:_identify(my_robot_interfaces) by extensions ['colcon_pkg']
[0.320s] Level 1:colcon.colcon_core.package_identification:_identify(my_robot_interfaces) by extension 'colcon_pkg'
[0.320s] Level 1:colcon.colcon_core.package_identification:_identify(my_robot_interfaces) by extensions ['colcon_meta']
[0.320s] Level 1:colcon.colcon_core.package_identification:_identify(my_robot_interfaces) by extension 'colcon_meta'
[0.320s] Level 1:colcon.colcon_core.package_identification:_identify(my_robot_interfaces) by extensions ['ros']
[0.320s] Level 1:colcon.colcon_core.package_identification:_identify(my_robot_interfaces) by extension 'ros'
[0.321s] DEBUG:colcon.colcon_core.package_identification:Package 'my_robot_interfaces' with type 'ros.ament_cmake' and name 'my_robot_interfaces'
[0.322s] Level 1:colcon.colcon_core.package_discovery:discover_packages(recursive) using defaults
[0.322s] Level 1:colcon.colcon_core.package_discovery:discover_packages(ignore) discover
[0.322s] Level 1:colcon.colcon_core.package_discovery:discover_packages(ignore) using defaults
[0.322s] Level 1:colcon.colcon_core.package_discovery:discover_packages(path) discover
[0.322s] Level 1:colcon.colcon_core.package_discovery:discover_packages(path) using defaults
[0.361s] INFO:colcon.colcon_core.package_selection:Skipping not selected package 'my_cpp_pkg' in 'my_cpp_pkg'
[0.363s] INFO:colcon.colcon_core.package_selection:Skipping not selected package 'my_py_pkg' in 'my_py_pkg'
[0.364s] Level 1:colcon.colcon_core.package_discovery:discover_packages(prefix_path) check parameters
[0.365s] Level 1:colcon.colcon_core.package_discovery:discover_packages(prefix_path) discover
[0.368s] DEBUG:colcon.colcon_installed_package_information.package_discovery:Found 3 installed packages in /home/zadok/ros2_ws/install
[0.371s] DEBUG:colcon.colcon_installed_package_information.package_discovery:Found 285 installed packages in /opt/ros/jazzy
[0.374s] Level 1:colcon.colcon_core.package_discovery:discover_packages(prefix_path) using defaults
[0.449s] Level 5:colcon.colcon_core.verb:set package 'my_robot_interfaces' build argument 'cmake_args' from command line to 'None'
[0.450s] Level 5:colcon.colcon_core.verb:set package 'my_robot_interfaces' build argument 'cmake_target' from command line to 'None'
[0.451s] Level 5:colcon.colcon_core.verb:set package 'my_robot_interfaces' build argument 'cmake_target_skip_unavailable' from command line to 'False'
[0.451s] Level 5:colcon.colcon_core.verb:set package 'my_robot_interfaces' build argument 'cmake_clean_cache' from command line to 'False'
[0.451s] Level 5:colcon.colcon_core.verb:set package 'my_robot_interfaces' build argument 'cmake_clean_first' from command line to 'False'
[0.451s] Level 5:colcon.colcon_core.verb:set package 'my_robot_interfaces' build argument 'cmake_force_configure' from command line to 'False'
[0.451s] Level 5:colcon.colcon_core.verb:set package 'my_robot_interfaces' build argument 'ament_cmake_args' from command line to 'None'
[0.451s] Level 5:colcon.colcon_core.verb:set package 'my_robot_interfaces' build argument 'catkin_cmake_args' from command line to 'None'
[0.451s] Level 5:colcon.colcon_core.verb:set package 'my_robot_interfaces' build argument 'catkin_skip_building_tests' from command line to 'False'
[0.451s] DEBUG:colcon.colcon_core.verb:Building package 'my_robot_interfaces' with the following arguments: {'ament_cmake_args': None, 'build_base': '/home/zadok/ros2_ws/src/build/my_robot_interfaces', 'catkin_cmake_args': None, 'catkin_skip_building_tests': False, 'cmake_args': None, 'cmake_clean_cache': False, 'cmake_clean_first': False, 'cmake_force_configure': False, 'cmake_target': None, 'cmake_target_skip_unavailable': False, 'install_base': '/home/zadok/ros2_ws/src/install/my_robot_interfaces', 'merge_install': False, 'path': '/home/zadok/ros2_ws/src/my_robot_interfaces', 'symlink_install': False, 'test_result_base': None}
[0.451s] INFO:colcon.colcon_core.executor:Executing jobs using 'parallel' executor
[0.457s] DEBUG:colcon.colcon_parallel_executor.executor.parallel:run_until_complete
[0.460s] INFO:colcon.colcon_ros.task.ament_cmake.build:Building ROS package in '/home/zadok/ros2_ws/src/my_robot_interfaces' with build type 'ament_cmake'
[0.460s] INFO:colcon.colcon_cmake.task.cmake.build:Building CMake package in '/home/zadok/ros2_ws/src/my_robot_interfaces'
[0.464s] INFO:colcon.colcon_core.plugin_system:Skipping extension 'colcon_core.shell.bat': Not used on non-Windows systems
[0.466s] INFO:colcon.colcon_core.shell:Skip shell extension 'powershell' for command environment: Not usable outside of PowerShell
[0.466s] DEBUG:colcon.colcon_core.shell:Skip shell extension 'dsv' for command environment
[0.503s] DEBUG:colcon.colcon_core.event_handler.log_command:Invoking command in '/home/zadok/ros2_ws/src/build/my_robot_interfaces': CMAKE_PREFIX_PATH=${CMAKE_PREFIX_PATH}:/home/zadok/ros2_ws/install/my_py_pkg:/opt/ros/jazzy DEBUGINFOD_URLS=https://debuginfod.ubuntu.com /usr/bin/cmake --build /home/zadok/ros2_ws/src/build/my_robot_interfaces -- -j2 -l2
[25.676s] DEBUG:colcon.colcon_core.event_handler.log_command:Invoked command in '/home/zadok/ros2_ws/src/build/my_robot_interfaces' returned '0': CMAKE_PREFIX_PATH=${CMAKE_PREFIX_PATH}:/home/zadok/ros2_ws/install/my_py_pkg:/opt/ros/jazzy DEBUGINFOD_URLS=https://debuginfod.ubuntu.com /usr/bin/cmake --build /home/zadok/ros2_ws/src/build/my_robot_interfaces -- -j2 -l2
[30.025s] DEBUG:colcon.colcon_core.event_handler.log_command:Invoking command in '/home/zadok/ros2_ws/src/build/my_robot_interfaces': CMAKE_PREFIX_PATH=${CMAKE_PREFIX_PATH}:/home/zadok/ros2_ws/install/my_py_pkg:/opt/ros/jazzy DEBUGINFOD_URLS=https://debuginfod.ubuntu.com /usr/bin/cmake --install /home/zadok/ros2_ws/src/build/my_robot_interfaces
[31.594s] Level 1:colcon.colcon_core.environment:create_environment_scripts_only(my_robot_interfaces)
[31.621s] Level 1:colcon.colcon_core.environment:checking '/home/zadok/ros2_ws/src/install/my_robot_interfaces' for CMake module files
[31.622s] Level 1:colcon.colcon_core.environment:checking '/home/zadok/ros2_ws/src/install/my_robot_interfaces' for CMake config files
[31.623s] Level 1:colcon.colcon_core.shell:create_environment_hook('my_robot_interfaces', 'cmake_prefix_path')
[31.623s] INFO:colcon.colcon_core.shell:Creating environment hook '/home/zadok/ros2_ws/src/install/my_robot_interfaces/share/my_robot_interfaces/hook/cmake_prefix_path.ps1'
[31.632s] INFO:colcon.colcon_core.shell:Creating environment descriptor '/home/zadok/ros2_ws/src/install/my_robot_interfaces/share/my_robot_interfaces/hook/cmake_prefix_path.dsv'
[31.635s] INFO:colcon.colcon_core.shell:Creating environment hook '/home/zadok/ros2_ws/src/install/my_robot_interfaces/share/my_robot_interfaces/hook/cmake_prefix_path.sh'
[31.643s] Level 1:colcon.colcon_core.environment:checking '/home/zadok/ros2_ws/src/install/my_robot_interfaces/lib'
[31.645s] Level 1:colcon.colcon_core.shell:create_environment_hook('my_robot_interfaces', 'ld_library_path_lib')
[31.645s] INFO:colcon.colcon_core.shell:Creating environment hook '/home/zadok/ros2_ws/src/install/my_robot_interfaces/share/my_robot_interfaces/hook/ld_library_path_lib.ps1'
[31.648s] INFO:colcon.colcon_core.shell:Creating environment descriptor '/home/zadok/ros2_ws/src/install/my_robot_interfaces/share/my_robot_interfaces/hook/ld_library_path_lib.dsv'
[31.649s] INFO:colcon.colcon_core.shell:Creating environment hook '/home/zadok/ros2_ws/src/install/my_robot_interfaces/share/my_robot_interfaces/hook/ld_library_path_lib.sh'
[31.652s] Level 1:colcon.colcon_core.environment:checking '/home/zadok/ros2_ws/src/install/my_robot_interfaces/bin'
[31.657s] Level 1:colcon.colcon_core.environment:checking '/home/zadok/ros2_ws/src/install/my_robot_interfaces/lib/pkgconfig/my_robot_interfaces.pc'
[31.658s] Level 1:colcon.colcon_core.environment:checking '/home/zadok/ros2_ws/src/install/my_robot_interfaces/lib/python3.12/site-packages'
[31.658s] Level 1:colcon.colcon_core.shell:create_environment_hook('my_robot_interfaces', 'pythonpath')
[31.654s] DEBUG:colcon.colcon_core.event_handler.log_command:Invoked command in '/home/zadok/ros2_ws/src/build/my_robot_interfaces' returned '0': CMAKE_PREFIX_PATH=${CMAKE_PREFIX_PATH}:/home/zadok/ros2_ws/install/my_py_pkg:/opt/ros/jazzy DEBUGINFOD_URLS=https://debuginfod.ubuntu.com /usr/bin/cmake --install /home/zadok/ros2_ws/src/build/my_robot_interfaces
[31.658s] INFO:colcon.colcon_core.shell:Creating environment hook '/home/zadok/ros2_ws/src/install/my_robot_interfaces/share/my_robot_interfaces/hook/pythonpath.ps1'
[31.661s] INFO:colcon.colcon_core.shell:Creating environment descriptor '/home/zadok/ros2_ws/src/install/my_robot_interfaces/share/my_robot_interfaces/hook/pythonpath.dsv'
[31.662s] INFO:colcon.colcon_core.shell:Creating environment hook '/home/zadok/ros2_ws/src/install/my_robot_interfaces/share/my_robot_interfaces/hook/pythonpath.sh'
[31.663s] Level 1:colcon.colcon_core.environment:checking '/home/zadok/ros2_ws/src/install/my_robot_interfaces/bin'
[31.663s] INFO:colcon.colcon_core.shell:Creating package script '/home/zadok/ros2_ws/src/install/my_robot_interfaces/share/my_robot_interfaces/package.ps1'
[31.671s] INFO:colcon.colcon_core.shell:Creating package descriptor '/home/zadok/ros2_ws/src/install/my_robot_interfaces/share/my_robot_interfaces/package.dsv'
[31.675s] INFO:colcon.colcon_core.shell:Creating package script '/home/zadok/ros2_ws/src/install/my_robot_interfaces/share/my_robot_interfaces/package.sh'
[31.680s] INFO:colcon.colcon_core.shell:Creating package script '/home/zadok/ros2_ws/src/install/my_robot_interfaces/share/my_robot_interfaces/package.bash'
[31.682s] INFO:colcon.colcon_core.shell:Creating package script '/home/zadok/ros2_ws/src/install/my_robot_interfaces/share/my_robot_interfaces/package.zsh'
[31.686s] Level 1:colcon.colcon_core.environment:create_file_with_runtime_dependencies(/home/zadok/ros2_ws/src/install/my_robot_interfaces/share/colcon-core/packages/my_robot_interfaces)
[32.431s] Level 1:colcon.colcon_core.environment:create_environment_scripts_only(my_robot_interfaces)
[32.441s] Level 1:colcon.colcon_core.environment:checking '/home/zadok/ros2_ws/src/install/my_robot_interfaces' for CMake module files
[32.456s] Level 1:colcon.colcon_core.environment:checking '/home/zadok/ros2_ws/src/install/my_robot_interfaces' for CMake config files
[32.457s] Level 1:colcon.colcon_core.shell:create_environment_hook('my_robot_interfaces', 'cmake_prefix_path')
[32.457s] INFO:colcon.colcon_core.shell:Creating environment hook '/home/zadok/ros2_ws/src/install/my_robot_interfaces/share/my_robot_interfaces/hook/cmake_prefix_path.ps1'
[32.498s] INFO:colcon.colcon_core.shell:Creating environment descriptor '/home/zadok/ros2_ws/src/install/my_robot_interfaces/share/my_robot_interfaces/hook/cmake_prefix_path.dsv'
[32.501s] INFO:colcon.colcon_core.shell:Creating environment hook '/home/zadok/ros2_ws/src/install/my_robot_interfaces/share/my_robot_interfaces/hook/cmake_prefix_path.sh'
[32.504s] Level 1:colcon.colcon_core.environment:checking '/home/zadok/ros2_ws/src/install/my_robot_interfaces/lib'
[32.506s] Level 1:colcon.colcon_core.shell:create_environment_hook('my_robot_interfaces', 'ld_library_path_lib')
[32.506s] INFO:colcon.colcon_core.shell:Creating environment hook '/home/zadok/ros2_ws/src/install/my_robot_interfaces/share/my_robot_interfaces/hook/ld_library_path_lib.ps1'
[32.510s] INFO:colcon.colcon_core.shell:Creating environment descriptor '/home/zadok/ros2_ws/src/install/my_robot_interfaces/share/my_robot_interfaces/hook/ld_library_path_lib.dsv'
[32.511s] INFO:colcon.colcon_core.shell:Creating environment hook '/home/zadok/ros2_ws/src/install/my_robot_interfaces/share/my_robot_interfaces/hook/ld_library_path_lib.sh'
[32.538s] Level 1:colcon.colcon_core.environment:checking '/home/zadok/ros2_ws/src/install/my_robot_interfaces/bin'
[32.538s] Level 1:colcon.colcon_core.environment:checking '/home/zadok/ros2_ws/src/install/my_robot_interfaces/lib/pkgconfig/my_robot_interfaces.pc'
[32.539s] Level 1:colcon.colcon_core.environment:checking '/home/zadok/ros2_ws/src/install/my_robot_interfaces/lib/python3.12/site-packages'
[32.539s] Level 1:colcon.colcon_core.shell:create_environment_hook('my_robot_interfaces', 'pythonpath')
[32.539s] INFO:colcon.colcon_core.shell:Creating environment hook '/home/zadok/ros2_ws/src/install/my_robot_interfaces/share/my_robot_interfaces/hook/pythonpath.ps1'
[32.577s] INFO:colcon.colcon_core.shell:Creating environment descriptor '/home/zadok/ros2_ws/src/install/my_robot_interfaces/share/my_robot_interfaces/hook/pythonpath.dsv'
[32.660s] INFO:colcon.colcon_core.shell:Creating environment hook '/home/zadok/ros2_ws/src/install/my_robot_interfaces/share/my_robot_interfaces/hook/pythonpath.sh'
[32.690s] Level 1:colcon.colcon_core.environment:checking '/home/zadok/ros2_ws/src/install/my_robot_interfaces/bin'
[32.714s] INFO:colcon.colcon_core.shell:Creating package script '/home/zadok/ros2_ws/src/install/my_robot_interfaces/share/my_robot_interfaces/package.ps1'
[32.800s] INFO:colcon.colcon_core.shell:Creating package descriptor '/home/zadok/ros2_ws/src/install/my_robot_interfaces/share/my_robot_interfaces/package.dsv'
[32.829s] INFO:colcon.colcon_core.shell:Creating package script '/home/zadok/ros2_ws/src/install/my_robot_interfaces/share/my_robot_interfaces/package.sh'
[32.852s] INFO:colcon.colcon_core.shell:Creating package script '/home/zadok/ros2_ws/src/install/my_robot_interfaces/share/my_robot_interfaces/package.bash'
[32.883s] INFO:colcon.colcon_core.shell:Creating package script '/home/zadok/ros2_ws/src/install/my_robot_interfaces/share/my_robot_interfaces/package.zsh'
[32.913s] Level 1:colcon.colcon_core.environment:create_file_with_runtime_dependencies(/home/zadok/ros2_ws/src/install/my_robot_interfaces/share/colcon-core/packages/my_robot_interfaces)
[32.914s] DEBUG:colcon.colcon_parallel_executor.executor.parallel:closing loop
[32.918s] DEBUG:colcon.colcon_parallel_executor.executor.parallel:loop closed
[32.919s] DEBUG:colcon.colcon_parallel_executor.executor.parallel:run_until_complete finished with '0'
[32.919s] DEBUG:colcon.colcon_core.event_reactor:joining thread
[32.959s] INFO:colcon.colcon_core.plugin_system:Skipping extension 'colcon_notification.desktop_notification.terminal_notifier': Not used on non-Darwin systems
[33.004s] INFO:colcon.colcon_core.plugin_system:Skipping extension 'colcon_notification.desktop_notification.win32': Not used on non-Windows systems
[33.005s] INFO:colcon.colcon_notification.desktop_notification:Sending desktop notification using 'notify2'
[33.264s] DEBUG:colcon.colcon_core.event_reactor:joined thread
[33.271s] INFO:colcon.colcon_core.shell:Creating prefix script '/home/zadok/ros2_ws/src/install/local_setup.ps1'
[33.297s] INFO:colcon.colcon_core.shell:Creating prefix util module '/home/zadok/ros2_ws/src/install/_local_setup_util_ps1.py'
[33.299s] INFO:colcon.colcon_core.shell:Creating prefix chain script '/home/zadok/ros2_ws/src/install/setup.ps1'
[33.302s] INFO:colcon.colcon_core.shell:Creating prefix script '/home/zadok/ros2_ws/src/install/local_setup.sh'
[33.331s] INFO:colcon.colcon_core.shell:Creating prefix util module '/home/zadok/ros2_ws/src/install/_local_setup_util_sh.py'
[33.354s] INFO:colcon.colcon_core.shell:Creating prefix chain script '/home/zadok/ros2_ws/src/install/setup.sh'
[33.375s] INFO:colcon.colcon_core.shell:Creating prefix script '/home/zadok/ros2_ws/src/install/local_setup.bash'
[33.377s] INFO:colcon.colcon_core.shell:Creating prefix chain script '/home/zadok/ros2_ws/src/install/setup.bash'
[33.393s] INFO:colcon.colcon_core.shell:Creating prefix script '/home/zadok/ros2_ws/src/install/local_setup.zsh'
[33.395s] INFO:colcon.colcon_core.shell:Creating prefix chain script '/home/zadok/ros2_ws/src/install/setup.zsh'
