[2.174s] Invoking command in '/home/zadok/ros2_ws/src/build/my_py_pkg': AMENT_PREFIX_PATH=/home/zadok/ros2_ws/src/install/my_robot_interfaces:${AMENT_PREFIX_PATH} CMAKE_PREFIX_PATH=/home/zadok/ros2_ws/src/install/my_robot_interfaces:${CMAKE_PREFIX_PATH} DEBUGINFOD_URLS=https://debuginfod.ubuntu.com LD_LIBRARY_PATH=/home/zadok/ros2_ws/src/install/my_robot_interfaces/lib:${LD_LIBRARY_PATH} PYTHONPATH=/home/zadok/ros2_ws/src/build/my_py_pkg/prefix_override:/usr/lib/python3/dist-packages/colcon_core/task/python/colcon_distutils_commands:/home/zadok/ros2_ws/src/install/my_py_pkg/lib/python3.12/site-packages:/home/zadok/ros2_ws/src/install/my_robot_interfaces/lib/python3.12/site-packages:${PYTHONPATH} /usr/bin/python3 -W ignore:setup.py install is deprecated setup.py develop --editable --build-directory /home/zadok/ros2_ws/src/build/my_py_pkg/build --no-deps symlink_data
[3.091s] /usr/lib/python3/dist-packages/setuptools/command/develop.py:40: EasyInstallDeprecationWarning: easy_install command is deprecated.
[3.093s] !!
[3.093s] 
[3.093s]         ********************************************************************************
[3.093s]         Please avoid running ``setup.py`` and ``easy_install``.
[3.094s]         Instead, use pypa/build, pypa/installer or other
[3.094s]         standards-based tools.
[3.094s] 
[3.094s]         See https://github.com/pypa/setuptools/issues/917 for details.
[3.094s]         ********************************************************************************
[3.094s] 
[3.095s] !!
[3.095s]   easy_install.initialize_options(self)
[3.126s] running develop
[3.748s] running egg_info
[3.810s] writing my_py_pkg.egg-info/PKG-INFO
[3.812s] writing dependency_links to my_py_pkg.egg-info/dependency_links.txt
[3.814s] writing entry points to my_py_pkg.egg-info/entry_points.txt
[3.815s] writing requirements to my_py_pkg.egg-info/requires.txt
[3.817s] writing top-level names to my_py_pkg.egg-info/top_level.txt
[3.962s] reading manifest file 'my_py_pkg.egg-info/SOURCES.txt'
[3.966s] writing manifest file 'my_py_pkg.egg-info/SOURCES.txt'
[4.057s] running build_ext
[4.058s] Creating /home/zadok/ros2_ws/src/install/my_py_pkg/lib/python3.12/site-packages/my-py-pkg.egg-link (link to .)
[4.068s] Installing add_two_ints_client script to /home/zadok/ros2_ws/src/install/my_py_pkg/lib/my_py_pkg
[4.068s] Installing add_two_ints_client_no_oop script to /home/zadok/ros2_ws/src/install/my_py_pkg/lib/my_py_pkg
[4.080s] Installing add_two_ints_server script to /home/zadok/ros2_ws/src/install/my_py_pkg/lib/my_py_pkg
[4.080s] Installing hardware_status_publisher script to /home/zadok/ros2_ws/src/install/my_py_pkg/lib/my_py_pkg
[4.081s] Installing number_counter script to /home/zadok/ros2_ws/src/install/my_py_pkg/lib/my_py_pkg
[4.081s] Installing number_publisher script to /home/zadok/ros2_ws/src/install/my_py_pkg/lib/my_py_pkg
[4.081s] Installing py_node script to /home/zadok/ros2_ws/src/install/my_py_pkg/lib/my_py_pkg
[4.081s] Installing robot_news_station script to /home/zadok/ros2_ws/src/install/my_py_pkg/lib/my_py_pkg
[4.081s] Installing smartphone script to /home/zadok/ros2_ws/src/install/my_py_pkg/lib/my_py_pkg
[4.081s] 
[4.082s] Installed /home/zadok/ros2_ws/src/build/my_py_pkg
[4.082s] running symlink_data
[4.175s] Invoked command in '/home/zadok/ros2_ws/src/build/my_py_pkg' returned '0': AMENT_PREFIX_PATH=/home/zadok/ros2_ws/src/install/my_robot_interfaces:${AMENT_PREFIX_PATH} CMAKE_PREFIX_PATH=/home/zadok/ros2_ws/src/install/my_robot_interfaces:${CMAKE_PREFIX_PATH} DEBUGINFOD_URLS=https://debuginfod.ubuntu.com LD_LIBRARY_PATH=/home/zadok/ros2_ws/src/install/my_robot_interfaces/lib:${LD_LIBRARY_PATH} PYTHONPATH=/home/zadok/ros2_ws/src/build/my_py_pkg/prefix_override:/usr/lib/python3/dist-packages/colcon_core/task/python/colcon_distutils_commands:/home/zadok/ros2_ws/src/install/my_py_pkg/lib/python3.12/site-packages:/home/zadok/ros2_ws/src/install/my_robot_interfaces/lib/python3.12/site-packages:${PYTHONPATH} /usr/bin/python3 -W ignore:setup.py install is deprecated setup.py develop --editable --build-directory /home/zadok/ros2_ws/src/build/my_py_pkg/build --no-deps symlink_data
