[0.142s] DEBUG:colcon:Command line arguments: ['/usr/bin/colcon', 'build']
[0.143s] DEBUG:colcon:Parsed command line arguments: Namespace(log_base=None, log_level=None, verb_name='build', build_base='build', install_base='install', merge_install=False, symlink_install=False, test_result_base=None, continue_on_error=False, executor='parallel', parallel_workers=2, event_handlers=None, ignore_user_meta=False, metas=['./colcon.meta'], base_paths=['.'], packages_ignore=None, packages_ignore_regex=None, paths=None, packages_up_to=None, packages_up_to_regex=None, packages_above=None, packages_above_and_dependencies=None, packages_above_depth=None, packages_select_by_dep=None, packages_skip_by_dep=None, packages_skip_up_to=None, packages_select_build_failed=False, packages_skip_build_finished=False, packages_select_test_failures=False, packages_skip_test_passed=False, packages_select=None, packages_skip=None, packages_select_regex=None, packages_skip_regex=None, packages_start=None, packages_end=None, allow_overriding=[], cmake_args=None, cmake_target=None, cmake_target_skip_unavailable=False, cmake_clean_cache=False, cmake_clean_first=False, cmake_force_configure=False, ament_cmake_args=None, catkin_cmake_args=None, catkin_skip_building_tests=False, mixin_files=None, mixin=None, verb_parser=<colcon_mixin.mixin.mixin_argument.MixinArgumentDecorator object at 0x7c8fbc6859d0>, verb_extension=<colcon_core.verb.build.BuildVerb object at 0x7c8fbc685700>, main=<bound method BuildVerb.main of <colcon_core.verb.build.BuildVerb object at 0x7c8fbc685700>>, mixin_verb=('build',))
[0.191s] Level 1:colcon.colcon_core.package_discovery:discover_packages(colcon_meta) check parameters
[0.191s] Level 1:colcon.colcon_core.package_discovery:discover_packages(recursive) check parameters
[0.191s] Level 1:colcon.colcon_core.package_discovery:discover_packages(ignore) check parameters
[0.191s] Level 1:colcon.colcon_core.package_discovery:discover_packages(path) check parameters
[0.191s] Level 1:colcon.colcon_core.package_discovery:discover_packages(colcon_meta) discover
[0.191s] Level 1:colcon.colcon_core.package_discovery:discover_packages(recursive) discover
[0.192s] INFO:colcon.colcon_core.package_discovery:Crawling recursively for packages in '/home/zadok/ros2_ws/src'
[0.192s] Level 1:colcon.colcon_core.package_identification:_identify(.) by extensions ['ignore', 'ignore_ament_install']
[0.192s] Level 1:colcon.colcon_core.package_identification:_identify(.) by extension 'ignore'
[0.192s] Level 1:colcon.colcon_core.package_identification:_identify(.) by extension 'ignore_ament_install'
[0.192s] Level 1:colcon.colcon_core.package_identification:_identify(.) by extensions ['colcon_pkg']
[0.192s] Level 1:colcon.colcon_core.package_identification:_identify(.) by extension 'colcon_pkg'
[0.192s] Level 1:colcon.colcon_core.package_identification:_identify(.) by extensions ['colcon_meta']
[0.192s] Level 1:colcon.colcon_core.package_identification:_identify(.) by extension 'colcon_meta'
[0.192s] Level 1:colcon.colcon_core.package_identification:_identify(.) by extensions ['ros']
[0.192s] Level 1:colcon.colcon_core.package_identification:_identify(.) by extension 'ros'
[0.224s] Level 1:colcon.colcon_core.package_identification:_identify(.) by extensions ['cmake', 'python']
[0.224s] Level 1:colcon.colcon_core.package_identification:_identify(.) by extension 'cmake'
[0.224s] Level 1:colcon.colcon_core.package_identification:_identify(.) by extension 'python'
[0.224s] Level 1:colcon.colcon_core.package_identification:_identify(.) by extensions ['python_setup_py']
[0.224s] Level 1:colcon.colcon_core.package_identification:_identify(.) by extension 'python_setup_py'
[0.224s] Level 1:colcon.colcon_core.package_identification:_identify(build) by extensions ['ignore', 'ignore_ament_install']
[0.224s] Level 1:colcon.colcon_core.package_identification:_identify(build) by extension 'ignore'
[0.224s] Level 1:colcon.colcon_core.package_identification:_identify(build) ignored
[0.224s] Level 1:colcon.colcon_core.package_identification:_identify(install) by extensions ['ignore', 'ignore_ament_install']
[0.225s] Level 1:colcon.colcon_core.package_identification:_identify(install) by extension 'ignore'
[0.225s] Level 1:colcon.colcon_core.package_identification:_identify(install) ignored
[0.225s] Level 1:colcon.colcon_core.package_identification:_identify(log) by extensions ['ignore', 'ignore_ament_install']
[0.225s] Level 1:colcon.colcon_core.package_identification:_identify(log) by extension 'ignore'
[0.225s] Level 1:colcon.colcon_core.package_identification:_identify(log) ignored
[0.225s] Level 1:colcon.colcon_core.package_identification:_identify(my_cpp_pkg) by extensions ['ignore', 'ignore_ament_install']
[0.225s] Level 1:colcon.colcon_core.package_identification:_identify(my_cpp_pkg) by extension 'ignore'
[0.225s] Level 1:colcon.colcon_core.package_identification:_identify(my_cpp_pkg) by extension 'ignore_ament_install'
[0.225s] Level 1:colcon.colcon_core.package_identification:_identify(my_cpp_pkg) by extensions ['colcon_pkg']
[0.225s] Level 1:colcon.colcon_core.package_identification:_identify(my_cpp_pkg) by extension 'colcon_pkg'
[0.225s] Level 1:colcon.colcon_core.package_identification:_identify(my_cpp_pkg) by extensions ['colcon_meta']
[0.225s] Level 1:colcon.colcon_core.package_identification:_identify(my_cpp_pkg) by extension 'colcon_meta'
[0.225s] Level 1:colcon.colcon_core.package_identification:_identify(my_cpp_pkg) by extensions ['ros']
[0.225s] Level 1:colcon.colcon_core.package_identification:_identify(my_cpp_pkg) by extension 'ros'
[0.228s] DEBUG:colcon.colcon_core.package_identification:Package 'my_cpp_pkg' with type 'ros.ament_cmake' and name 'my_cpp_pkg'
[0.228s] Level 1:colcon.colcon_core.package_identification:_identify(my_py_pkg) by extensions ['ignore', 'ignore_ament_install']
[0.228s] Level 1:colcon.colcon_core.package_identification:_identify(my_py_pkg) by extension 'ignore'
[0.228s] Level 1:colcon.colcon_core.package_identification:_identify(my_py_pkg) by extension 'ignore_ament_install'
[0.228s] Level 1:colcon.colcon_core.package_identification:_identify(my_py_pkg) by extensions ['colcon_pkg']
[0.229s] Level 1:colcon.colcon_core.package_identification:_identify(my_py_pkg) by extension 'colcon_pkg'
[0.229s] Level 1:colcon.colcon_core.package_identification:_identify(my_py_pkg) by extensions ['colcon_meta']
[0.229s] Level 1:colcon.colcon_core.package_identification:_identify(my_py_pkg) by extension 'colcon_meta'
[0.229s] Level 1:colcon.colcon_core.package_identification:_identify(my_py_pkg) by extensions ['ros']
[0.229s] Level 1:colcon.colcon_core.package_identification:_identify(my_py_pkg) by extension 'ros'
[0.229s] DEBUG:colcon.colcon_core.package_identification:Package 'my_py_pkg' with type 'ros.ament_python' and name 'my_py_pkg'
[0.229s] Level 1:colcon.colcon_core.package_discovery:discover_packages(recursive) using defaults
[0.229s] Level 1:colcon.colcon_core.package_discovery:discover_packages(ignore) discover
[0.229s] Level 1:colcon.colcon_core.package_discovery:discover_packages(ignore) using defaults
[0.229s] Level 1:colcon.colcon_core.package_discovery:discover_packages(path) discover
[0.229s] Level 1:colcon.colcon_core.package_discovery:discover_packages(path) using defaults
[0.252s] Level 1:colcon.colcon_core.package_discovery:discover_packages(prefix_path) check parameters
[0.252s] Level 1:colcon.colcon_core.package_discovery:discover_packages(prefix_path) discover
[0.256s] DEBUG:colcon.colcon_installed_package_information.package_discovery:Found 285 installed packages in /opt/ros/jazzy
[0.257s] Level 1:colcon.colcon_core.package_discovery:discover_packages(prefix_path) using defaults
[0.299s] Level 5:colcon.colcon_core.verb:set package 'my_cpp_pkg' build argument 'cmake_args' from command line to 'None'
[0.299s] Level 5:colcon.colcon_core.verb:set package 'my_cpp_pkg' build argument 'cmake_target' from command line to 'None'
[0.299s] Level 5:colcon.colcon_core.verb:set package 'my_cpp_pkg' build argument 'cmake_target_skip_unavailable' from command line to 'False'
[0.299s] Level 5:colcon.colcon_core.verb:set package 'my_cpp_pkg' build argument 'cmake_clean_cache' from command line to 'False'
[0.299s] Level 5:colcon.colcon_core.verb:set package 'my_cpp_pkg' build argument 'cmake_clean_first' from command line to 'False'
[0.299s] Level 5:colcon.colcon_core.verb:set package 'my_cpp_pkg' build argument 'cmake_force_configure' from command line to 'False'
[0.299s] Level 5:colcon.colcon_core.verb:set package 'my_cpp_pkg' build argument 'ament_cmake_args' from command line to 'None'
[0.299s] Level 5:colcon.colcon_core.verb:set package 'my_cpp_pkg' build argument 'catkin_cmake_args' from command line to 'None'
[0.299s] Level 5:colcon.colcon_core.verb:set package 'my_cpp_pkg' build argument 'catkin_skip_building_tests' from command line to 'False'
[0.299s] DEBUG:colcon.colcon_core.verb:Building package 'my_cpp_pkg' with the following arguments: {'ament_cmake_args': None, 'build_base': '/home/zadok/ros2_ws/src/build/my_cpp_pkg', 'catkin_cmake_args': None, 'catkin_skip_building_tests': False, 'cmake_args': None, 'cmake_clean_cache': False, 'cmake_clean_first': False, 'cmake_force_configure': False, 'cmake_target': None, 'cmake_target_skip_unavailable': False, 'install_base': '/home/zadok/ros2_ws/src/install/my_cpp_pkg', 'merge_install': False, 'path': '/home/zadok/ros2_ws/src/my_cpp_pkg', 'symlink_install': False, 'test_result_base': None}
[0.299s] Level 5:colcon.colcon_core.verb:set package 'my_py_pkg' build argument 'cmake_args' from command line to 'None'
[0.299s] Level 5:colcon.colcon_core.verb:set package 'my_py_pkg' build argument 'cmake_target' from command line to 'None'
[0.299s] Level 5:colcon.colcon_core.verb:set package 'my_py_pkg' build argument 'cmake_target_skip_unavailable' from command line to 'False'
[0.299s] Level 5:colcon.colcon_core.verb:set package 'my_py_pkg' build argument 'cmake_clean_cache' from command line to 'False'
[0.299s] Level 5:colcon.colcon_core.verb:set package 'my_py_pkg' build argument 'cmake_clean_first' from command line to 'False'
[0.299s] Level 5:colcon.colcon_core.verb:set package 'my_py_pkg' build argument 'cmake_force_configure' from command line to 'False'
[0.299s] Level 5:colcon.colcon_core.verb:set package 'my_py_pkg' build argument 'ament_cmake_args' from command line to 'None'
[0.299s] Level 5:colcon.colcon_core.verb:set package 'my_py_pkg' build argument 'catkin_cmake_args' from command line to 'None'
[0.299s] Level 5:colcon.colcon_core.verb:set package 'my_py_pkg' build argument 'catkin_skip_building_tests' from command line to 'False'
[0.299s] DEBUG:colcon.colcon_core.verb:Building package 'my_py_pkg' with the following arguments: {'ament_cmake_args': None, 'build_base': '/home/zadok/ros2_ws/src/build/my_py_pkg', 'catkin_cmake_args': None, 'catkin_skip_building_tests': False, 'cmake_args': None, 'cmake_clean_cache': False, 'cmake_clean_first': False, 'cmake_force_configure': False, 'cmake_target': None, 'cmake_target_skip_unavailable': False, 'install_base': '/home/zadok/ros2_ws/src/install/my_py_pkg', 'merge_install': False, 'path': '/home/zadok/ros2_ws/src/my_py_pkg', 'symlink_install': False, 'test_result_base': None}
[0.299s] INFO:colcon.colcon_core.executor:Executing jobs using 'parallel' executor
[0.306s] DEBUG:colcon.colcon_parallel_executor.executor.parallel:run_until_complete
[0.306s] INFO:colcon.colcon_ros.task.ament_cmake.build:Building ROS package in '/home/zadok/ros2_ws/src/my_cpp_pkg' with build type 'ament_cmake'
[0.307s] INFO:colcon.colcon_cmake.task.cmake.build:Building CMake package in '/home/zadok/ros2_ws/src/my_cpp_pkg'
[0.308s] INFO:colcon.colcon_core.plugin_system:Skipping extension 'colcon_core.shell.bat': Not used on non-Windows systems
[0.308s] INFO:colcon.colcon_core.shell:Skip shell extension 'powershell' for command environment: Not usable outside of PowerShell
[0.308s] DEBUG:colcon.colcon_core.shell:Skip shell extension 'dsv' for command environment
[0.315s] INFO:colcon.colcon_ros.task.ament_python.build:Building ROS package in '/home/zadok/ros2_ws/src/my_py_pkg' with build type 'ament_python'
[0.315s] Level 1:colcon.colcon_core.shell:create_environment_hook('my_py_pkg', 'ament_prefix_path')
[0.315s] INFO:colcon.colcon_core.shell:Creating environment hook '/home/zadok/ros2_ws/src/install/my_py_pkg/share/my_py_pkg/hook/ament_prefix_path.ps1'
[0.316s] INFO:colcon.colcon_core.shell:Creating environment descriptor '/home/zadok/ros2_ws/src/install/my_py_pkg/share/my_py_pkg/hook/ament_prefix_path.dsv'
[0.316s] INFO:colcon.colcon_core.shell:Creating environment hook '/home/zadok/ros2_ws/src/install/my_py_pkg/share/my_py_pkg/hook/ament_prefix_path.sh'
[0.317s] INFO:colcon.colcon_core.shell:Skip shell extension 'powershell' for command environment: Not usable outside of PowerShell
[0.317s] DEBUG:colcon.colcon_core.shell:Skip shell extension 'dsv' for command environment
[0.344s] DEBUG:colcon.colcon_core.event_handler.log_command:Invoking command in '/home/zadok/ros2_ws/src/build/my_cpp_pkg': CMAKE_PREFIX_PATH=${CMAKE_PREFIX_PATH}:/opt/ros/jazzy DEBUGINFOD_URLS=https://debuginfod.ubuntu.com /usr/bin/cmake /home/zadok/ros2_ws/src/my_cpp_pkg -DCMAKE_INSTALL_PREFIX=/home/zadok/ros2_ws/src/install/my_cpp_pkg
[0.702s] INFO:colcon.colcon_core.task.python.build:Building Python package in '/home/zadok/ros2_ws/src/my_py_pkg'
[0.702s] INFO:colcon.colcon_core.shell:Skip shell extension 'powershell' for command environment: Not usable outside of PowerShell
[0.702s] DEBUG:colcon.colcon_core.shell:Skip shell extension 'dsv' for command environment
[1.900s] DEBUG:colcon.colcon_core.event_handler.log_command:Invoking command in '/home/zadok/ros2_ws/src/my_py_pkg': DEBUGINFOD_URLS=https://debuginfod.ubuntu.com PYTHONPATH=/home/zadok/ros2_ws/src/build/my_py_pkg/prefix_override:/usr/lib/python3/dist-packages/colcon_core/task/python/colcon_distutils_commands:/home/zadok/ros2_ws/src/install/my_py_pkg/lib/python3.12/site-packages:${PYTHONPATH} /usr/bin/python3 -W ignore:setup.py install is deprecated setup.py egg_info --egg-base ../build/my_py_pkg build --build-base /home/zadok/ros2_ws/src/build/my_py_pkg/build install --record /home/zadok/ros2_ws/src/build/my_py_pkg/install.log --single-version-externally-managed install_data
[2.842s] DEBUG:colcon.colcon_core.event_handler.log_command:Invoked command in '/home/zadok/ros2_ws/src/my_py_pkg' returned '0': DEBUGINFOD_URLS=https://debuginfod.ubuntu.com PYTHONPATH=/home/zadok/ros2_ws/src/build/my_py_pkg/prefix_override:/usr/lib/python3/dist-packages/colcon_core/task/python/colcon_distutils_commands:/home/zadok/ros2_ws/src/install/my_py_pkg/lib/python3.12/site-packages:${PYTHONPATH} /usr/bin/python3 -W ignore:setup.py install is deprecated setup.py egg_info --egg-base ../build/my_py_pkg build --build-base /home/zadok/ros2_ws/src/build/my_py_pkg/build install --record /home/zadok/ros2_ws/src/build/my_py_pkg/install.log --single-version-externally-managed install_data
[2.854s] Level 1:colcon.colcon_core.environment:checking '/home/zadok/ros2_ws/src/install/my_py_pkg' for CMake module files
[2.854s] Level 1:colcon.colcon_core.environment:checking '/home/zadok/ros2_ws/src/install/my_py_pkg' for CMake config files
[2.855s] Level 1:colcon.colcon_core.environment:checking '/home/zadok/ros2_ws/src/install/my_py_pkg/lib'
[2.855s] Level 1:colcon.colcon_core.environment:checking '/home/zadok/ros2_ws/src/install/my_py_pkg/bin'
[2.855s] Level 1:colcon.colcon_core.environment:checking '/home/zadok/ros2_ws/src/install/my_py_pkg/lib/pkgconfig/my_py_pkg.pc'
[2.857s] Level 1:colcon.colcon_core.environment:checking '/home/zadok/ros2_ws/src/install/my_py_pkg/lib/python3.12/site-packages'
[2.857s] Level 1:colcon.colcon_core.shell:create_environment_hook('my_py_pkg', 'pythonpath')
[2.857s] INFO:colcon.colcon_core.shell:Creating environment hook '/home/zadok/ros2_ws/src/install/my_py_pkg/share/my_py_pkg/hook/pythonpath.ps1'
[2.858s] INFO:colcon.colcon_core.shell:Creating environment descriptor '/home/zadok/ros2_ws/src/install/my_py_pkg/share/my_py_pkg/hook/pythonpath.dsv'
[2.859s] INFO:colcon.colcon_core.shell:Creating environment hook '/home/zadok/ros2_ws/src/install/my_py_pkg/share/my_py_pkg/hook/pythonpath.sh'
[2.861s] Level 1:colcon.colcon_core.environment:checking '/home/zadok/ros2_ws/src/install/my_py_pkg/bin'
[2.861s] Level 1:colcon.colcon_core.environment:create_environment_scripts_only(my_py_pkg)
[2.861s] INFO:colcon.colcon_core.shell:Creating package script '/home/zadok/ros2_ws/src/install/my_py_pkg/share/my_py_pkg/package.ps1'
[2.863s] INFO:colcon.colcon_core.shell:Creating package descriptor '/home/zadok/ros2_ws/src/install/my_py_pkg/share/my_py_pkg/package.dsv'
[2.863s] INFO:colcon.colcon_core.shell:Creating package script '/home/zadok/ros2_ws/src/install/my_py_pkg/share/my_py_pkg/package.sh'
[2.865s] INFO:colcon.colcon_core.shell:Creating package script '/home/zadok/ros2_ws/src/install/my_py_pkg/share/my_py_pkg/package.bash'
[2.866s] INFO:colcon.colcon_core.shell:Creating package script '/home/zadok/ros2_ws/src/install/my_py_pkg/share/my_py_pkg/package.zsh'
[2.867s] Level 1:colcon.colcon_core.environment:create_file_with_runtime_dependencies(/home/zadok/ros2_ws/src/install/my_py_pkg/share/colcon-core/packages/my_py_pkg)
[3.927s] DEBUG:colcon.colcon_core.event_handler.log_command:Invoked command in '/home/zadok/ros2_ws/src/build/my_cpp_pkg' returned '0': CMAKE_PREFIX_PATH=${CMAKE_PREFIX_PATH}:/opt/ros/jazzy DEBUGINFOD_URLS=https://debuginfod.ubuntu.com /usr/bin/cmake /home/zadok/ros2_ws/src/my_cpp_pkg -DCMAKE_INSTALL_PREFIX=/home/zadok/ros2_ws/src/install/my_cpp_pkg
[3.928s] DEBUG:colcon.colcon_core.event_handler.log_command:Invoking command in '/home/zadok/ros2_ws/src/build/my_cpp_pkg': CMAKE_PREFIX_PATH=${CMAKE_PREFIX_PATH}:/opt/ros/jazzy DEBUGINFOD_URLS=https://debuginfod.ubuntu.com /usr/bin/cmake --build /home/zadok/ros2_ws/src/build/my_cpp_pkg -- -j2 -l2
[3.993s] DEBUG:colcon.colcon_core.event_handler.log_command:Invoked command in '/home/zadok/ros2_ws/src/build/my_cpp_pkg' returned '0': CMAKE_PREFIX_PATH=${CMAKE_PREFIX_PATH}:/opt/ros/jazzy DEBUGINFOD_URLS=https://debuginfod.ubuntu.com /usr/bin/cmake --build /home/zadok/ros2_ws/src/build/my_cpp_pkg -- -j2 -l2
[4.077s] DEBUG:colcon.colcon_core.event_handler.log_command:Invoking command in '/home/zadok/ros2_ws/src/build/my_cpp_pkg': CMAKE_PREFIX_PATH=${CMAKE_PREFIX_PATH}:/opt/ros/jazzy DEBUGINFOD_URLS=https://debuginfod.ubuntu.com /usr/bin/cmake --install /home/zadok/ros2_ws/src/build/my_cpp_pkg
[4.097s] Level 1:colcon.colcon_core.environment:create_environment_scripts_only(my_cpp_pkg)
[4.097s] Level 1:colcon.colcon_core.environment:checking '/home/zadok/ros2_ws/src/install/my_cpp_pkg' for CMake module files
[4.097s] Level 1:colcon.colcon_core.environment:checking '/home/zadok/ros2_ws/src/install/my_cpp_pkg' for CMake config files
[4.098s] Level 1:colcon.colcon_core.shell:create_environment_hook('my_cpp_pkg', 'cmake_prefix_path')
[4.098s] INFO:colcon.colcon_core.shell:Creating environment hook '/home/zadok/ros2_ws/src/install/my_cpp_pkg/share/my_cpp_pkg/hook/cmake_prefix_path.ps1'
[4.098s] INFO:colcon.colcon_core.shell:Creating environment descriptor '/home/zadok/ros2_ws/src/install/my_cpp_pkg/share/my_cpp_pkg/hook/cmake_prefix_path.dsv'
[4.098s] INFO:colcon.colcon_core.shell:Creating environment hook '/home/zadok/ros2_ws/src/install/my_cpp_pkg/share/my_cpp_pkg/hook/cmake_prefix_path.sh'
[4.099s] Level 1:colcon.colcon_core.environment:checking '/home/zadok/ros2_ws/src/install/my_cpp_pkg/bin'
[4.099s] Level 1:colcon.colcon_core.environment:checking '/home/zadok/ros2_ws/src/install/my_cpp_pkg/lib/pkgconfig/my_cpp_pkg.pc'
[4.099s] Level 1:colcon.colcon_core.environment:checking '/home/zadok/ros2_ws/src/install/my_cpp_pkg/lib/python3.12/site-packages'
[4.099s] Level 1:colcon.colcon_core.environment:checking '/home/zadok/ros2_ws/src/install/my_cpp_pkg/bin'
[4.100s] INFO:colcon.colcon_core.shell:Creating package script '/home/zadok/ros2_ws/src/install/my_cpp_pkg/share/my_cpp_pkg/package.ps1'
[4.100s] INFO:colcon.colcon_core.shell:Creating package descriptor '/home/zadok/ros2_ws/src/install/my_cpp_pkg/share/my_cpp_pkg/package.dsv'
[4.102s] DEBUG:colcon.colcon_core.event_handler.log_command:Invoked command in '/home/zadok/ros2_ws/src/build/my_cpp_pkg' returned '0': CMAKE_PREFIX_PATH=${CMAKE_PREFIX_PATH}:/opt/ros/jazzy DEBUGINFOD_URLS=https://debuginfod.ubuntu.com /usr/bin/cmake --install /home/zadok/ros2_ws/src/build/my_cpp_pkg
[4.102s] INFO:colcon.colcon_core.shell:Creating package script '/home/zadok/ros2_ws/src/install/my_cpp_pkg/share/my_cpp_pkg/package.sh'
[4.102s] INFO:colcon.colcon_core.shell:Creating package script '/home/zadok/ros2_ws/src/install/my_cpp_pkg/share/my_cpp_pkg/package.bash'
[4.102s] INFO:colcon.colcon_core.shell:Creating package script '/home/zadok/ros2_ws/src/install/my_cpp_pkg/share/my_cpp_pkg/package.zsh'
[4.103s] Level 1:colcon.colcon_core.environment:create_file_with_runtime_dependencies(/home/zadok/ros2_ws/src/install/my_cpp_pkg/share/colcon-core/packages/my_cpp_pkg)
[4.178s] Level 1:colcon.colcon_core.environment:create_environment_scripts_only(my_cpp_pkg)
[4.178s] Level 1:colcon.colcon_core.environment:checking '/home/zadok/ros2_ws/src/install/my_cpp_pkg' for CMake module files
[4.178s] Level 1:colcon.colcon_core.environment:checking '/home/zadok/ros2_ws/src/install/my_cpp_pkg' for CMake config files
[4.178s] Level 1:colcon.colcon_core.shell:create_environment_hook('my_cpp_pkg', 'cmake_prefix_path')
[4.179s] INFO:colcon.colcon_core.shell:Creating environment hook '/home/zadok/ros2_ws/src/install/my_cpp_pkg/share/my_cpp_pkg/hook/cmake_prefix_path.ps1'
[4.180s] INFO:colcon.colcon_core.shell:Creating environment descriptor '/home/zadok/ros2_ws/src/install/my_cpp_pkg/share/my_cpp_pkg/hook/cmake_prefix_path.dsv'
[4.181s] INFO:colcon.colcon_core.shell:Creating environment hook '/home/zadok/ros2_ws/src/install/my_cpp_pkg/share/my_cpp_pkg/hook/cmake_prefix_path.sh'
[4.182s] Level 1:colcon.colcon_core.environment:checking '/home/zadok/ros2_ws/src/install/my_cpp_pkg/bin'
[4.182s] Level 1:colcon.colcon_core.environment:checking '/home/zadok/ros2_ws/src/install/my_cpp_pkg/lib/pkgconfig/my_cpp_pkg.pc'
[4.182s] Level 1:colcon.colcon_core.environment:checking '/home/zadok/ros2_ws/src/install/my_cpp_pkg/lib/python3.12/site-packages'
[4.182s] Level 1:colcon.colcon_core.environment:checking '/home/zadok/ros2_ws/src/install/my_cpp_pkg/bin'
[4.183s] INFO:colcon.colcon_core.shell:Creating package script '/home/zadok/ros2_ws/src/install/my_cpp_pkg/share/my_cpp_pkg/package.ps1'
[4.184s] INFO:colcon.colcon_core.shell:Creating package descriptor '/home/zadok/ros2_ws/src/install/my_cpp_pkg/share/my_cpp_pkg/package.dsv'
[4.185s] INFO:colcon.colcon_core.shell:Creating package script '/home/zadok/ros2_ws/src/install/my_cpp_pkg/share/my_cpp_pkg/package.sh'
[4.186s] INFO:colcon.colcon_core.shell:Creating package script '/home/zadok/ros2_ws/src/install/my_cpp_pkg/share/my_cpp_pkg/package.bash'
[4.187s] INFO:colcon.colcon_core.shell:Creating package script '/home/zadok/ros2_ws/src/install/my_cpp_pkg/share/my_cpp_pkg/package.zsh'
[4.187s] Level 1:colcon.colcon_core.environment:create_file_with_runtime_dependencies(/home/zadok/ros2_ws/src/install/my_cpp_pkg/share/colcon-core/packages/my_cpp_pkg)
[4.191s] DEBUG:colcon.colcon_parallel_executor.executor.parallel:closing loop
[4.191s] DEBUG:colcon.colcon_parallel_executor.executor.parallel:loop closed
[4.192s] DEBUG:colcon.colcon_parallel_executor.executor.parallel:run_until_complete finished with '0'
[4.192s] DEBUG:colcon.colcon_core.event_reactor:joining thread
[4.213s] INFO:colcon.colcon_core.plugin_system:Skipping extension 'colcon_notification.desktop_notification.terminal_notifier': Not used on non-Darwin systems
[4.213s] INFO:colcon.colcon_core.plugin_system:Skipping extension 'colcon_notification.desktop_notification.win32': Not used on non-Windows systems
[4.213s] INFO:colcon.colcon_notification.desktop_notification:Sending desktop notification using 'notify2'
[4.246s] DEBUG:colcon.colcon_core.event_reactor:joined thread
[4.246s] INFO:colcon.colcon_core.shell:Creating prefix script '/home/zadok/ros2_ws/src/install/local_setup.ps1'
[4.249s] INFO:colcon.colcon_core.shell:Creating prefix util module '/home/zadok/ros2_ws/src/install/_local_setup_util_ps1.py'
[4.251s] INFO:colcon.colcon_core.shell:Creating prefix chain script '/home/zadok/ros2_ws/src/install/setup.ps1'
[4.252s] INFO:colcon.colcon_core.shell:Creating prefix script '/home/zadok/ros2_ws/src/install/local_setup.sh'
[4.253s] INFO:colcon.colcon_core.shell:Creating prefix util module '/home/zadok/ros2_ws/src/install/_local_setup_util_sh.py'
[4.254s] INFO:colcon.colcon_core.shell:Creating prefix chain script '/home/zadok/ros2_ws/src/install/setup.sh'
[4.255s] INFO:colcon.colcon_core.shell:Creating prefix script '/home/zadok/ros2_ws/src/install/local_setup.bash'
[4.256s] INFO:colcon.colcon_core.shell:Creating prefix chain script '/home/zadok/ros2_ws/src/install/setup.bash'
[4.257s] INFO:colcon.colcon_core.shell:Creating prefix script '/home/zadok/ros2_ws/src/install/local_setup.zsh'
[4.258s] INFO:colcon.colcon_core.shell:Creating prefix chain script '/home/zadok/ros2_ws/src/install/setup.zsh'
