[1.579s] Invoking command in '/home/zadok/ros2_ws/src/my_py_pkg': DEBUGINFOD_URLS=https://debuginfod.ubuntu.com PYTHONPATH=/home/zadok/ros2_ws/src/build/my_py_pkg/prefix_override:/usr/lib/python3/dist-packages/colcon_core/task/python/colcon_distutils_commands:/home/zadok/ros2_ws/src/install/my_py_pkg/lib/python3.12/site-packages:${PYTHONPATH} /usr/bin/python3 -W ignore:setup.py install is deprecated setup.py egg_info --egg-base ../build/my_py_pkg build --build-base /home/zadok/ros2_ws/src/build/my_py_pkg/build install --record /home/zadok/ros2_ws/src/build/my_py_pkg/install.log --single-version-externally-managed install_data
[2.009s] running egg_info
[2.009s] creating ../build/my_py_pkg/my_py_pkg.egg-info
[2.038s] writing ../build/my_py_pkg/my_py_pkg.egg-info/PKG-INFO
[2.039s] writing dependency_links to ../build/my_py_pkg/my_py_pkg.egg-info/dependency_links.txt
[2.041s] writing requirements to ../build/my_py_pkg/my_py_pkg.egg-info/requires.txt
[2.042s] writing top-level names to ../build/my_py_pkg/my_py_pkg.egg-info/top_level.txt
[2.051s] writing manifest file '../build/my_py_pkg/my_py_pkg.egg-info/SOURCES.txt'
[2.110s] reading manifest file '../build/my_py_pkg/my_py_pkg.egg-info/SOURCES.txt'
[2.114s] writing manifest file '../build/my_py_pkg/my_py_pkg.egg-info/SOURCES.txt'
[2.114s] running build
[2.115s] running build_py
[2.115s] creating /home/zadok/ros2_ws/src/build/my_py_pkg/build
[2.115s] creating /home/zadok/ros2_ws/src/build/my_py_pkg/build/lib
[2.115s] creating /home/zadok/ros2_ws/src/build/my_py_pkg/build/lib/my_py_pkg
[2.115s] copying my_py_pkg/__init__.py -> /home/zadok/ros2_ws/src/build/my_py_pkg/build/lib/my_py_pkg
[2.115s] running install
[2.124s] running install_lib
[2.159s] creating /home/zadok/ros2_ws/src/install/my_py_pkg/lib/python3.12/site-packages/my_py_pkg
[2.161s] copying /home/zadok/ros2_ws/src/build/my_py_pkg/build/lib/my_py_pkg/__init__.py -> /home/zadok/ros2_ws/src/install/my_py_pkg/lib/python3.12/site-packages/my_py_pkg
[2.161s] byte-compiling /home/zadok/ros2_ws/src/install/my_py_pkg/lib/python3.12/site-packages/my_py_pkg/__init__.py to __init__.cpython-312.pyc
[2.171s] running install_data
[2.172s] creating /home/zadok/ros2_ws/src/install/my_py_pkg/share/ament_index
[2.172s] creating /home/zadok/ros2_ws/src/install/my_py_pkg/share/ament_index/resource_index
[2.172s] creating /home/zadok/ros2_ws/src/install/my_py_pkg/share/ament_index/resource_index/packages
[2.172s] copying resource/my_py_pkg -> /home/zadok/ros2_ws/src/install/my_py_pkg/share/ament_index/resource_index/packages
[2.172s] copying package.xml -> /home/zadok/ros2_ws/src/install/my_py_pkg/share/my_py_pkg
[2.172s] running install_egg_info
[2.208s] Copying ../build/my_py_pkg/my_py_pkg.egg-info to /home/zadok/ros2_ws/src/install/my_py_pkg/lib/python3.12/site-packages/my_py_pkg-0.0.0-py3.12.egg-info
[2.209s] running install_scripts
[2.446s] writing list of installed files to '/home/zadok/ros2_ws/src/build/my_py_pkg/install.log'
[2.522s] Invoked command in '/home/zadok/ros2_ws/src/my_py_pkg' returned '0': DEBUGINFOD_URLS=https://debuginfod.ubuntu.com PYTHONPATH=/home/zadok/ros2_ws/src/build/my_py_pkg/prefix_override:/usr/lib/python3/dist-packages/colcon_core/task/python/colcon_distutils_commands:/home/zadok/ros2_ws/src/install/my_py_pkg/lib/python3.12/site-packages:${PYTHONPATH} /usr/bin/python3 -W ignore:setup.py install is deprecated setup.py egg_info --egg-base ../build/my_py_pkg build --build-base /home/zadok/ros2_ws/src/build/my_py_pkg/build install --record /home/zadok/ros2_ws/src/build/my_py_pkg/install.log --single-version-externally-managed install_data
