[0.041s] Invoking command in '/home/zadok/ros2_ws/src/build/my_robot_interfaces': CMAKE_PREFIX_PATH=${CMAKE_PREFIX_PATH}:/home/zadok/ros2_ws/install/my_py_pkg:/opt/ros/jazzy DEBUGINFOD_URLS=https://debuginfod.ubuntu.com /usr/bin/cmake --build /home/zadok/ros2_ws/src/build/my_robot_interfaces -- -j2 -l2
[0.851s] [  2%] Built target my_robot_interfaces__rosidl_generator_type_description
[0.985s] [  2%] Built target ament_cmake_python_copy_my_robot_interfaces
[1.087s] [ 17%] Built target my_robot_interfaces__rosidl_generator_c
[1.174s] [ 20%] Built target my_robot_interfaces__cpp
[1.851s] running egg_info
[1.913s] writing my_robot_interfaces.egg-info/PKG-INFO
[1.914s] writing dependency_links to my_robot_interfaces.egg-info/dependency_links.txt
[1.914s] writing top-level names to my_robot_interfaces.egg-info/top_level.txt
[2.016s] reading manifest file 'my_robot_interfaces.egg-info/SOURCES.txt'
[2.021s] writing manifest file 'my_robot_interfaces.egg-info/SOURCES.txt'
[2.133s] [ 20%] Built target ament_cmake_python_build_my_robot_interfaces_egg
[2.417s] [ 29%] Built target my_robot_interfaces__rosidl_typesupport_fastrtps_cpp
[2.538s] [ 38%] Built target my_robot_interfaces__rosidl_typesupport_introspection_cpp
[2.632s] [ 47%] Built target my_robot_interfaces__rosidl_typesupport_cpp
[2.722s] [ 55%] Built target my_robot_interfaces__rosidl_typesupport_fastrtps_c
[2.813s] [ 64%] Built target my_robot_interfaces__rosidl_typesupport_introspection_c
[2.880s] [ 73%] Built target my_robot_interfaces__rosidl_typesupport_c
[2.957s] [ 73%] Built target my_robot_interfaces
[3.042s] [ 76%] Built target my_robot_interfaces__py
[3.133s] [ 82%] Built target my_robot_interfaces__rosidl_generator_py
[3.225s] [ 88%] Built target my_robot_interfaces_s__rosidl_typesupport_fastrtps_c
[3.302s] [ 94%] Built target my_robot_interfaces_s__rosidl_typesupport_introspection_c
[3.438s] [100%] Built target my_robot_interfaces_s__rosidl_typesupport_c
[3.482s] Invoked command in '/home/zadok/ros2_ws/src/build/my_robot_interfaces' returned '0': CMAKE_PREFIX_PATH=${CMAKE_PREFIX_PATH}:/home/zadok/ros2_ws/install/my_py_pkg:/opt/ros/jazzy DEBUGINFOD_URLS=https://debuginfod.ubuntu.com /usr/bin/cmake --build /home/zadok/ros2_ws/src/build/my_robot_interfaces -- -j2 -l2
[3.961s] Invoking command in '/home/zadok/ros2_ws/src/build/my_robot_interfaces': CMAKE_PREFIX_PATH=${CMAKE_PREFIX_PATH}:/home/zadok/ros2_ws/install/my_py_pkg:/opt/ros/jazzy DEBUGINFOD_URLS=https://debuginfod.ubuntu.com /usr/bin/cmake --install /home/zadok/ros2_ws/src/build/my_robot_interfaces
[3.997s] -- Install configuration: ""
[4.005s] -- Up-to-date: /home/zadok/ros2_ws/src/install/my_robot_interfaces/share/ament_index/resource_index/rosidl_interfaces/my_robot_interfaces
[4.006s] -- Up-to-date: /home/zadok/ros2_ws/src/install/my_robot_interfaces/share/my_robot_interfaces/msg/HardwareStatus.json
[4.006s] -- Up-to-date: /home/zadok/ros2_ws/src/install/my_robot_interfaces/include/my_robot_interfaces/my_robot_interfaces
[4.006s] -- Up-to-date: /home/zadok/ros2_ws/src/install/my_robot_interfaces/include/my_robot_interfaces/my_robot_interfaces/msg
[4.006s] -- Up-to-date: /home/zadok/ros2_ws/src/install/my_robot_interfaces/include/my_robot_interfaces/my_robot_interfaces/msg/rosidl_generator_c__visibility_control.h
[4.006s] -- Up-to-date: /home/zadok/ros2_ws/src/install/my_robot_interfaces/include/my_robot_interfaces/my_robot_interfaces/msg/hardware_status.h
[4.006s] -- Up-to-date: /home/zadok/ros2_ws/src/install/my_robot_interfaces/include/my_robot_interfaces/my_robot_interfaces/msg/detail
[4.006s] -- Up-to-date: /home/zadok/ros2_ws/src/install/my_robot_interfaces/include/my_robot_interfaces/my_robot_interfaces/msg/detail/hardware_status__description.c
[4.006s] -- Up-to-date: /home/zadok/ros2_ws/src/install/my_robot_interfaces/include/my_robot_interfaces/my_robot_interfaces/msg/detail/hardware_status__functions.h
[4.007s] -- Up-to-date: /home/zadok/ros2_ws/src/install/my_robot_interfaces/include/my_robot_interfaces/my_robot_interfaces/msg/detail/hardware_status__struct.h
[4.007s] -- Up-to-date: /home/zadok/ros2_ws/src/install/my_robot_interfaces/include/my_robot_interfaces/my_robot_interfaces/msg/detail/hardware_status__functions.c
[4.007s] -- Up-to-date: /home/zadok/ros2_ws/src/install/my_robot_interfaces/include/my_robot_interfaces/my_robot_interfaces/msg/detail/hardware_status__type_support.h
[4.007s] -- Installing: /home/zadok/ros2_ws/src/install/my_robot_interfaces/include/my_robot_interfaces/my_robot_interfaces/msg/detail/hardware_status__type_support.c
[4.007s] -- Up-to-date: /home/zadok/ros2_ws/src/install/my_robot_interfaces/share/my_robot_interfaces/environment/library_path.sh
[4.007s] -- Up-to-date: /home/zadok/ros2_ws/src/install/my_robot_interfaces/share/my_robot_interfaces/environment/library_path.dsv
[4.007s] -- Up-to-date: /home/zadok/ros2_ws/src/install/my_robot_interfaces/lib/libmy_robot_interfaces__rosidl_generator_c.so
[4.008s] -- Up-to-date: /home/zadok/ros2_ws/src/install/my_robot_interfaces/include/my_robot_interfaces/my_robot_interfaces
[4.008s] -- Up-to-date: /home/zadok/ros2_ws/src/install/my_robot_interfaces/include/my_robot_interfaces/my_robot_interfaces/msg
[4.008s] -- Up-to-date: /home/zadok/ros2_ws/src/install/my_robot_interfaces/include/my_robot_interfaces/my_robot_interfaces/msg/rosidl_typesupport_fastrtps_c__visibility_control.h
[4.008s] -- Up-to-date: /home/zadok/ros2_ws/src/install/my_robot_interfaces/include/my_robot_interfaces/my_robot_interfaces/msg/detail
[4.008s] -- Up-to-date: /home/zadok/ros2_ws/src/install/my_robot_interfaces/include/my_robot_interfaces/my_robot_interfaces/msg/detail/hardware_status__rosidl_typesupport_fastrtps_c.h
[4.008s] -- Up-to-date: /home/zadok/ros2_ws/src/install/my_robot_interfaces/lib/libmy_robot_interfaces__rosidl_typesupport_fastrtps_c.so
[4.008s] -- Up-to-date: /home/zadok/ros2_ws/src/install/my_robot_interfaces/include/my_robot_interfaces/my_robot_interfaces
[4.008s] -- Up-to-date: /home/zadok/ros2_ws/src/install/my_robot_interfaces/include/my_robot_interfaces/my_robot_interfaces/msg
[4.008s] -- Up-to-date: /home/zadok/ros2_ws/src/install/my_robot_interfaces/include/my_robot_interfaces/my_robot_interfaces/msg/rosidl_typesupport_introspection_c__visibility_control.h
[4.008s] -- Up-to-date: /home/zadok/ros2_ws/src/install/my_robot_interfaces/include/my_robot_interfaces/my_robot_interfaces/msg/detail
[4.009s] -- Up-to-date: /home/zadok/ros2_ws/src/install/my_robot_interfaces/include/my_robot_interfaces/my_robot_interfaces/msg/detail/hardware_status__rosidl_typesupport_introspection_c.h
[4.009s] -- Installing: /home/zadok/ros2_ws/src/install/my_robot_interfaces/include/my_robot_interfaces/my_robot_interfaces/msg/detail/hardware_status__type_support.c
[4.009s] -- Up-to-date: /home/zadok/ros2_ws/src/install/my_robot_interfaces/lib/libmy_robot_interfaces__rosidl_typesupport_introspection_c.so
[4.009s] -- Up-to-date: /home/zadok/ros2_ws/src/install/my_robot_interfaces/lib/libmy_robot_interfaces__rosidl_typesupport_c.so
[4.009s] -- Up-to-date: /home/zadok/ros2_ws/src/install/my_robot_interfaces/include/my_robot_interfaces/my_robot_interfaces
[4.009s] -- Up-to-date: /home/zadok/ros2_ws/src/install/my_robot_interfaces/include/my_robot_interfaces/my_robot_interfaces/msg
[4.009s] -- Up-to-date: /home/zadok/ros2_ws/src/install/my_robot_interfaces/include/my_robot_interfaces/my_robot_interfaces/msg/detail
[4.009s] -- Up-to-date: /home/zadok/ros2_ws/src/install/my_robot_interfaces/include/my_robot_interfaces/my_robot_interfaces/msg/detail/hardware_status__builder.hpp
[4.009s] -- Up-to-date: /home/zadok/ros2_ws/src/install/my_robot_interfaces/include/my_robot_interfaces/my_robot_interfaces/msg/detail/hardware_status__struct.hpp
[4.009s] -- Up-to-date: /home/zadok/ros2_ws/src/install/my_robot_interfaces/include/my_robot_interfaces/my_robot_interfaces/msg/detail/hardware_status__traits.hpp
[4.009s] -- Up-to-date: /home/zadok/ros2_ws/src/install/my_robot_interfaces/include/my_robot_interfaces/my_robot_interfaces/msg/detail/hardware_status__type_support.hpp
[4.010s] -- Up-to-date: /home/zadok/ros2_ws/src/install/my_robot_interfaces/include/my_robot_interfaces/my_robot_interfaces/msg/hardware_status.hpp
[4.010s] -- Up-to-date: /home/zadok/ros2_ws/src/install/my_robot_interfaces/include/my_robot_interfaces/my_robot_interfaces/msg/rosidl_generator_cpp__visibility_control.hpp
[4.010s] -- Up-to-date: /home/zadok/ros2_ws/src/install/my_robot_interfaces/include/my_robot_interfaces/my_robot_interfaces
[4.010s] -- Up-to-date: /home/zadok/ros2_ws/src/install/my_robot_interfaces/include/my_robot_interfaces/my_robot_interfaces/msg
[4.010s] -- Up-to-date: /home/zadok/ros2_ws/src/install/my_robot_interfaces/include/my_robot_interfaces/my_robot_interfaces/msg/detail
[4.010s] -- Up-to-date: /home/zadok/ros2_ws/src/install/my_robot_interfaces/include/my_robot_interfaces/my_robot_interfaces/msg/detail/hardware_status__rosidl_typesupport_fastrtps_cpp.hpp
[4.010s] -- Up-to-date: /home/zadok/ros2_ws/src/install/my_robot_interfaces/include/my_robot_interfaces/my_robot_interfaces/msg/detail/dds_fastrtps
[4.010s] -- Up-to-date: /home/zadok/ros2_ws/src/install/my_robot_interfaces/include/my_robot_interfaces/my_robot_interfaces/msg/rosidl_typesupport_fastrtps_cpp__visibility_control.h
[4.047s] -- Up-to-date: /home/zadok/ros2_ws/src/install/my_robot_interfaces/lib/libmy_robot_interfaces__rosidl_typesupport_fastrtps_cpp.so
[4.047s] -- Up-to-date: /home/zadok/ros2_ws/src/install/my_robot_interfaces/include/my_robot_interfaces/my_robot_interfaces
[4.047s] -- Up-to-date: /home/zadok/ros2_ws/src/install/my_robot_interfaces/include/my_robot_interfaces/my_robot_interfaces/msg
[4.047s] -- Up-to-date: /home/zadok/ros2_ws/src/install/my_robot_interfaces/include/my_robot_interfaces/my_robot_interfaces/msg/detail
[4.048s] -- Up-to-date: /home/zadok/ros2_ws/src/install/my_robot_interfaces/include/my_robot_interfaces/my_robot_interfaces/msg/detail/hardware_status__rosidl_typesupport_introspection_cpp.hpp
[4.048s] -- Up-to-date: /home/zadok/ros2_ws/src/install/my_robot_interfaces/include/my_robot_interfaces/my_robot_interfaces/msg/detail/hardware_status__type_support.cpp
[4.048s] -- Up-to-date: /home/zadok/ros2_ws/src/install/my_robot_interfaces/lib/libmy_robot_interfaces__rosidl_typesupport_introspection_cpp.so
[4.048s] -- Up-to-date: /home/zadok/ros2_ws/src/install/my_robot_interfaces/lib/libmy_robot_interfaces__rosidl_typesupport_cpp.so
[4.048s] -- Up-to-date: /home/zadok/ros2_ws/src/install/my_robot_interfaces/share/my_robot_interfaces/environment/pythonpath.sh
[4.048s] -- Up-to-date: /home/zadok/ros2_ws/src/install/my_robot_interfaces/share/my_robot_interfaces/environment/pythonpath.dsv
[4.048s] -- Up-to-date: /home/zadok/ros2_ws/src/install/my_robot_interfaces/lib/python3.12/site-packages/my_robot_interfaces-0.0.0-py3.12.egg-info
[4.048s] -- Installing: /home/zadok/ros2_ws/src/install/my_robot_interfaces/lib/python3.12/site-packages/my_robot_interfaces-0.0.0-py3.12.egg-info/dependency_links.txt
[4.048s] -- Installing: /home/zadok/ros2_ws/src/install/my_robot_interfaces/lib/python3.12/site-packages/my_robot_interfaces-0.0.0-py3.12.egg-info/top_level.txt
[4.048s] -- Installing: /home/zadok/ros2_ws/src/install/my_robot_interfaces/lib/python3.12/site-packages/my_robot_interfaces-0.0.0-py3.12.egg-info/PKG-INFO
[4.049s] -- Installing: /home/zadok/ros2_ws/src/install/my_robot_interfaces/lib/python3.12/site-packages/my_robot_interfaces-0.0.0-py3.12.egg-info/SOURCES.txt
[4.049s] -- Up-to-date: /home/zadok/ros2_ws/src/install/my_robot_interfaces/lib/python3.12/site-packages/my_robot_interfaces
[4.049s] -- Up-to-date: /home/zadok/ros2_ws/src/install/my_robot_interfaces/lib/python3.12/site-packages/my_robot_interfaces/msg
[4.049s] -- Up-to-date: /home/zadok/ros2_ws/src/install/my_robot_interfaces/lib/python3.12/site-packages/my_robot_interfaces/msg/_hardware_status_s.c
[4.049s] -- Up-to-date: /home/zadok/ros2_ws/src/install/my_robot_interfaces/lib/python3.12/site-packages/my_robot_interfaces/msg/_hardware_status.py
[4.049s] -- Up-to-date: /home/zadok/ros2_ws/src/install/my_robot_interfaces/lib/python3.12/site-packages/my_robot_interfaces/msg/__init__.py
[4.049s] -- Up-to-date: /home/zadok/ros2_ws/src/install/my_robot_interfaces/lib/python3.12/site-packages/my_robot_interfaces/my_robot_interfaces_s__rosidl_typesupport_fastrtps_c.so
[4.049s] -- Up-to-date: /home/zadok/ros2_ws/src/install/my_robot_interfaces/lib/python3.12/site-packages/my_robot_interfaces/_my_robot_interfaces_s.ep.rosidl_typesupport_c.c
[4.049s] -- Up-to-date: /home/zadok/ros2_ws/src/install/my_robot_interfaces/lib/python3.12/site-packages/my_robot_interfaces/my_robot_interfaces_s__rosidl_typesupport_introspection_c.so
[4.049s] -- Up-to-date: /home/zadok/ros2_ws/src/install/my_robot_interfaces/lib/python3.12/site-packages/my_robot_interfaces/__init__.py
[4.049s] -- Up-to-date: /home/zadok/ros2_ws/src/install/my_robot_interfaces/lib/python3.12/site-packages/my_robot_interfaces/_my_robot_interfaces_s.ep.rosidl_typesupport_fastrtps_c.c
[4.050s] -- Up-to-date: /home/zadok/ros2_ws/src/install/my_robot_interfaces/lib/python3.12/site-packages/my_robot_interfaces/my_robot_interfaces_s__rosidl_typesupport_c.so
[4.050s] -- Up-to-date: /home/zadok/ros2_ws/src/install/my_robot_interfaces/lib/python3.12/site-packages/my_robot_interfaces/_my_robot_interfaces_s.ep.rosidl_typesupport_introspection_c.c
[4.145s] Listing '/home/zadok/ros2_ws/src/install/my_robot_interfaces/lib/python3.12/site-packages/my_robot_interfaces'...
[4.145s] Listing '/home/zadok/ros2_ws/src/install/my_robot_interfaces/lib/python3.12/site-packages/my_robot_interfaces/msg'...
[4.157s] -- Up-to-date: /home/zadok/ros2_ws/src/install/my_robot_interfaces/lib/python3.12/site-packages/my_robot_interfaces/my_robot_interfaces_s__rosidl_typesupport_fastrtps_c.so
[4.159s] -- Up-to-date: /home/zadok/ros2_ws/src/install/my_robot_interfaces/lib/python3.12/site-packages/my_robot_interfaces/my_robot_interfaces_s__rosidl_typesupport_introspection_c.so
[4.159s] -- Up-to-date: /home/zadok/ros2_ws/src/install/my_robot_interfaces/lib/python3.12/site-packages/my_robot_interfaces/my_robot_interfaces_s__rosidl_typesupport_c.so
[4.161s] -- Up-to-date: /home/zadok/ros2_ws/src/install/my_robot_interfaces/lib/libmy_robot_interfaces__rosidl_generator_py.so
[4.161s] -- Up-to-date: /home/zadok/ros2_ws/src/install/my_robot_interfaces/share/my_robot_interfaces/msg/HardwareStatus.idl
[4.162s] -- Up-to-date: /home/zadok/ros2_ws/src/install/my_robot_interfaces/share/my_robot_interfaces/msg/HardwareStatus.msg
[4.162s] -- Up-to-date: /home/zadok/ros2_ws/src/install/my_robot_interfaces/share/ament_index/resource_index/package_run_dependencies/my_robot_interfaces
[4.162s] -- Up-to-date: /home/zadok/ros2_ws/src/install/my_robot_interfaces/share/ament_index/resource_index/parent_prefix_path/my_robot_interfaces
[4.162s] -- Up-to-date: /home/zadok/ros2_ws/src/install/my_robot_interfaces/share/my_robot_interfaces/environment/ament_prefix_path.sh
[4.162s] -- Up-to-date: /home/zadok/ros2_ws/src/install/my_robot_interfaces/share/my_robot_interfaces/environment/ament_prefix_path.dsv
[4.162s] -- Up-to-date: /home/zadok/ros2_ws/src/install/my_robot_interfaces/share/my_robot_interfaces/environment/path.sh
[4.163s] -- Up-to-date: /home/zadok/ros2_ws/src/install/my_robot_interfaces/share/my_robot_interfaces/environment/path.dsv
[4.163s] -- Up-to-date: /home/zadok/ros2_ws/src/install/my_robot_interfaces/share/my_robot_interfaces/local_setup.bash
[4.163s] -- Up-to-date: /home/zadok/ros2_ws/src/install/my_robot_interfaces/share/my_robot_interfaces/local_setup.sh
[4.163s] -- Up-to-date: /home/zadok/ros2_ws/src/install/my_robot_interfaces/share/my_robot_interfaces/local_setup.zsh
[4.163s] -- Up-to-date: /home/zadok/ros2_ws/src/install/my_robot_interfaces/share/my_robot_interfaces/local_setup.dsv
[4.167s] -- Installing: /home/zadok/ros2_ws/src/install/my_robot_interfaces/share/my_robot_interfaces/package.dsv
[4.167s] -- Up-to-date: /home/zadok/ros2_ws/src/install/my_robot_interfaces/share/ament_index/resource_index/packages/my_robot_interfaces
[4.168s] -- Up-to-date: /home/zadok/ros2_ws/src/install/my_robot_interfaces/share/my_robot_interfaces/cmake/export_my_robot_interfaces__rosidl_generator_cExport.cmake
[4.168s] -- Up-to-date: /home/zadok/ros2_ws/src/install/my_robot_interfaces/share/my_robot_interfaces/cmake/export_my_robot_interfaces__rosidl_generator_cExport-noconfig.cmake
[4.168s] -- Up-to-date: /home/zadok/ros2_ws/src/install/my_robot_interfaces/share/my_robot_interfaces/cmake/export_my_robot_interfaces__rosidl_typesupport_fastrtps_cExport.cmake
[4.168s] -- Up-to-date: /home/zadok/ros2_ws/src/install/my_robot_interfaces/share/my_robot_interfaces/cmake/export_my_robot_interfaces__rosidl_typesupport_fastrtps_cExport-noconfig.cmake
[4.168s] -- Up-to-date: /home/zadok/ros2_ws/src/install/my_robot_interfaces/share/my_robot_interfaces/cmake/my_robot_interfaces__rosidl_typesupport_introspection_cExport.cmake
[4.168s] -- Up-to-date: /home/zadok/ros2_ws/src/install/my_robot_interfaces/share/my_robot_interfaces/cmake/my_robot_interfaces__rosidl_typesupport_introspection_cExport-noconfig.cmake
[4.168s] -- Up-to-date: /home/zadok/ros2_ws/src/install/my_robot_interfaces/share/my_robot_interfaces/cmake/my_robot_interfaces__rosidl_typesupport_cExport.cmake
[4.168s] -- Up-to-date: /home/zadok/ros2_ws/src/install/my_robot_interfaces/share/my_robot_interfaces/cmake/my_robot_interfaces__rosidl_typesupport_cExport-noconfig.cmake
[4.168s] -- Up-to-date: /home/zadok/ros2_ws/src/install/my_robot_interfaces/share/my_robot_interfaces/cmake/export_my_robot_interfaces__rosidl_generator_cppExport.cmake
[4.169s] -- Up-to-date: /home/zadok/ros2_ws/src/install/my_robot_interfaces/share/my_robot_interfaces/cmake/export_my_robot_interfaces__rosidl_typesupport_fastrtps_cppExport.cmake
[4.169s] -- Up-to-date: /home/zadok/ros2_ws/src/install/my_robot_interfaces/share/my_robot_interfaces/cmake/export_my_robot_interfaces__rosidl_typesupport_fastrtps_cppExport-noconfig.cmake
[4.169s] -- Up-to-date: /home/zadok/ros2_ws/src/install/my_robot_interfaces/share/my_robot_interfaces/cmake/my_robot_interfaces__rosidl_typesupport_introspection_cppExport.cmake
[4.169s] -- Up-to-date: /home/zadok/ros2_ws/src/install/my_robot_interfaces/share/my_robot_interfaces/cmake/my_robot_interfaces__rosidl_typesupport_introspection_cppExport-noconfig.cmake
[4.169s] -- Up-to-date: /home/zadok/ros2_ws/src/install/my_robot_interfaces/share/my_robot_interfaces/cmake/my_robot_interfaces__rosidl_typesupport_cppExport.cmake
[4.169s] -- Up-to-date: /home/zadok/ros2_ws/src/install/my_robot_interfaces/share/my_robot_interfaces/cmake/my_robot_interfaces__rosidl_typesupport_cppExport-noconfig.cmake
[4.169s] -- Up-to-date: /home/zadok/ros2_ws/src/install/my_robot_interfaces/share/my_robot_interfaces/cmake/export_my_robot_interfaces__rosidl_generator_pyExport.cmake
[4.169s] -- Up-to-date: /home/zadok/ros2_ws/src/install/my_robot_interfaces/share/my_robot_interfaces/cmake/export_my_robot_interfaces__rosidl_generator_pyExport-noconfig.cmake
[4.169s] -- Up-to-date: /home/zadok/ros2_ws/src/install/my_robot_interfaces/share/my_robot_interfaces/cmake/rosidl_cmake-extras.cmake
[4.169s] -- Up-to-date: /home/zadok/ros2_ws/src/install/my_robot_interfaces/share/my_robot_interfaces/cmake/ament_cmake_export_include_directories-extras.cmake
[4.169s] -- Up-to-date: /home/zadok/ros2_ws/src/install/my_robot_interfaces/share/my_robot_interfaces/cmake/ament_cmake_export_libraries-extras.cmake
[4.170s] -- Up-to-date: /home/zadok/ros2_ws/src/install/my_robot_interfaces/share/my_robot_interfaces/cmake/ament_cmake_export_targets-extras.cmake
[4.170s] -- Up-to-date: /home/zadok/ros2_ws/src/install/my_robot_interfaces/share/my_robot_interfaces/cmake/rosidl_cmake_export_typesupport_targets-extras.cmake
[4.170s] -- Up-to-date: /home/zadok/ros2_ws/src/install/my_robot_interfaces/share/my_robot_interfaces/cmake/ament_cmake_export_dependencies-extras.cmake
[4.170s] -- Up-to-date: /home/zadok/ros2_ws/src/install/my_robot_interfaces/share/my_robot_interfaces/cmake/rosidl_cmake_export_typesupport_libraries-extras.cmake
[4.170s] -- Up-to-date: /home/zadok/ros2_ws/src/install/my_robot_interfaces/share/my_robot_interfaces/cmake/my_robot_interfacesConfig.cmake
[4.170s] -- Up-to-date: /home/zadok/ros2_ws/src/install/my_robot_interfaces/share/my_robot_interfaces/cmake/my_robot_interfacesConfig-version.cmake
[4.170s] -- Up-to-date: /home/zadok/ros2_ws/src/install/my_robot_interfaces/share/my_robot_interfaces/package.xml
[4.192s] Invoked command in '/home/zadok/ros2_ws/src/build/my_robot_interfaces' returned '0': CMAKE_PREFIX_PATH=${CMAKE_PREFIX_PATH}:/home/zadok/ros2_ws/install/my_py_pkg:/opt/ros/jazzy DEBUGINFOD_URLS=https://debuginfod.ubuntu.com /usr/bin/cmake --install /home/zadok/ros2_ws/src/build/my_robot_interfaces
