[1.084s] Invoking command in '/home/zadok/ros2_ws/src/my_py_pkg': DEBUGINFOD_URLS=https://debuginfod.ubuntu.com PYTHONPATH=/home/zadok/ros2_ws/src/build/my_py_pkg/prefix_override:/usr/lib/python3/dist-packages/colcon_core/task/python/colcon_distutils_commands:/home/zadok/ros2_ws/src/install/my_py_pkg/lib/python3.12/site-packages:${PYTHONPATH} /usr/bin/python3 -W ignore:setup.py install is deprecated setup.py egg_info --egg-base ../build/my_py_pkg build --build-base /home/zadok/ros2_ws/src/build/my_py_pkg/build install --record /home/zadok/ros2_ws/src/build/my_py_pkg/install.log --single-version-externally-managed install_data
[1.423s] running egg_info
[1.451s] writing ../build/my_py_pkg/my_py_pkg.egg-info/PKG-INFO
[1.453s] writing dependency_links to ../build/my_py_pkg/my_py_pkg.egg-info/dependency_links.txt
[1.454s] writing entry points to ../build/my_py_pkg/my_py_pkg.egg-info/entry_points.txt
[1.455s] writing requirements to ../build/my_py_pkg/my_py_pkg.egg-info/requires.txt
[1.461s] writing top-level names to ../build/my_py_pkg/my_py_pkg.egg-info/top_level.txt
[1.507s] reading manifest file '../build/my_py_pkg/my_py_pkg.egg-info/SOURCES.txt'
[1.509s] writing manifest file '../build/my_py_pkg/my_py_pkg.egg-info/SOURCES.txt'
[1.510s] running build
[1.510s] running build_py
[1.511s] copying my_py_pkg/number_counter.py -> /home/zadok/ros2_ws/src/build/my_py_pkg/build/lib/my_py_pkg
[1.512s] running install
[1.527s] running install_lib
[1.546s] copying /home/zadok/ros2_ws/src/build/my_py_pkg/build/lib/my_py_pkg/number_counter.py -> /home/zadok/ros2_ws/src/install/my_py_pkg/lib/python3.12/site-packages/my_py_pkg
[1.547s] byte-compiling /home/zadok/ros2_ws/src/install/my_py_pkg/lib/python3.12/site-packages/my_py_pkg/number_counter.py to number_counter.cpython-312.pyc
[1.549s] running install_data
[1.549s] running install_egg_info
[1.570s] removing '/home/zadok/ros2_ws/src/install/my_py_pkg/lib/python3.12/site-packages/my_py_pkg-0.0.0-py3.12.egg-info' (and everything under it)
[1.619s] Copying ../build/my_py_pkg/my_py_pkg.egg-info to /home/zadok/ros2_ws/src/install/my_py_pkg/lib/python3.12/site-packages/my_py_pkg-0.0.0-py3.12.egg-info
[1.619s] running install_scripts
[1.953s] Installing add_two_ints_client script to /home/zadok/ros2_ws/src/install/my_py_pkg/lib/my_py_pkg
[1.956s] Installing add_two_ints_client_no_oop script to /home/zadok/ros2_ws/src/install/my_py_pkg/lib/my_py_pkg
[1.958s] Installing add_two_ints_server script to /home/zadok/ros2_ws/src/install/my_py_pkg/lib/my_py_pkg
[1.959s] Installing number_counter script to /home/zadok/ros2_ws/src/install/my_py_pkg/lib/my_py_pkg
[1.964s] Installing number_publisher script to /home/zadok/ros2_ws/src/install/my_py_pkg/lib/my_py_pkg
[1.965s] Installing py_node script to /home/zadok/ros2_ws/src/install/my_py_pkg/lib/my_py_pkg
[1.967s] Installing robot_news_station script to /home/zadok/ros2_ws/src/install/my_py_pkg/lib/my_py_pkg
[1.968s] Installing smartphone script to /home/zadok/ros2_ws/src/install/my_py_pkg/lib/my_py_pkg
[1.978s] writing list of installed files to '/home/zadok/ros2_ws/src/build/my_py_pkg/install.log'
[2.063s] Invoked command in '/home/zadok/ros2_ws/src/my_py_pkg' returned '0': DEBUGINFOD_URLS=https://debuginfod.ubuntu.com PYTHONPATH=/home/zadok/ros2_ws/src/build/my_py_pkg/prefix_override:/usr/lib/python3/dist-packages/colcon_core/task/python/colcon_distutils_commands:/home/zadok/ros2_ws/src/install/my_py_pkg/lib/python3.12/site-packages:${PYTHONPATH} /usr/bin/python3 -W ignore:setup.py install is deprecated setup.py egg_info --egg-base ../build/my_py_pkg build --build-base /home/zadok/ros2_ws/src/build/my_py_pkg/build install --record /home/zadok/ros2_ws/src/build/my_py_pkg/install.log --single-version-externally-managed install_data
