[0.033s] Invoking command in '/home/zadok/ros2_ws/src/build/my_cpp_pkg': CMAKE_PREFIX_PATH=${CMAKE_PREFIX_PATH}:/opt/ros/jazzy DEBUGINFOD_URLS=https://debuginfod.ubuntu.com /usr/bin/cmake /home/zadok/ros2_ws/src/my_cpp_pkg -DCMAKE_INSTALL_PREFIX=/home/zadok/ros2_ws/src/install/my_cpp_pkg
[0.530s] -- The C compiler identification is GNU 13.2.0
[0.976s] -- The CXX compiler identification is GNU 13.2.0
[1.043s] -- Detecting C compiler ABI info
[1.244s] -- Detecting C compiler ABI info - done
[1.266s] -- Check for working C compiler: /usr/bin/cc - skipped
[1.275s] -- Detecting C compile features
[1.277s] -- Detecting C compile features - done
[1.301s] -- Detecting CXX compiler ABI info
[1.568s] -- Detecting CXX compiler ABI info - done
[1.578s] -- Check for working CXX compiler: /usr/bin/c++ - skipped
[1.579s] -- Detecting CXX compile features
[1.580s] -- Detecting CXX compile features - done
[1.610s] -- Found ament_cmake: 2.5.2 (/opt/ros/jazzy/share/ament_cmake/cmake)
[1.868s] -- Found Python3: /usr/bin/python3 (found version "3.12.3") found components: Interpreter 
[2.239s] -- Found rclcpp: 28.1.5 (/opt/ros/jazzy/share/rclcpp/cmake)
[2.433s] -- Found rosidl_generator_c: 4.6.4 (/opt/ros/jazzy/share/rosidl_generator_c/cmake)
[2.471s] -- Found rosidl_generator_cpp: 4.6.4 (/opt/ros/jazzy/share/rosidl_generator_cpp/cmake)
[2.590s] -- Using all available rosidl_typesupport_c: rosidl_typesupport_fastrtps_c;rosidl_typesupport_introspection_c
[2.668s] -- Using all available rosidl_typesupport_cpp: rosidl_typesupport_fastrtps_cpp;rosidl_typesupport_introspection_cpp
[2.902s] -- Found rmw_implementation_cmake: 7.3.1 (/opt/ros/jazzy/share/rmw_implementation_cmake/cmake)
[2.912s] -- Found rmw_fastrtps_cpp: 8.4.1 (/opt/ros/jazzy/share/rmw_fastrtps_cpp/cmake)
[3.121s] -- Found OpenSSL: /usr/lib/x86_64-linux-gnu/libcrypto.so (found version "3.0.13")  
[3.149s] -- Found FastRTPS: /opt/ros/jazzy/include (Required is at least version "2.13") 
[3.177s] -- Using RMW implementation 'rmw_fastrtps_cpp' as default
[3.412s] -- Found ament_lint_auto: 0.17.1 (/opt/ros/jazzy/share/ament_lint_auto/cmake)
[3.587s] -- Added test 'lint_cmake' to check CMake code style
[3.591s] -- Added test 'xmllint' to check XML markup files
[3.597s] -- Configuring done (3.5s)
[3.600s] -- Generating done (0.0s)
[3.603s] -- Build files have been written to: /home/zadok/ros2_ws/src/build/my_cpp_pkg
[3.616s] Invoked command in '/home/zadok/ros2_ws/src/build/my_cpp_pkg' returned '0': CMAKE_PREFIX_PATH=${CMAKE_PREFIX_PATH}:/opt/ros/jazzy DEBUGINFOD_URLS=https://debuginfod.ubuntu.com /usr/bin/cmake /home/zadok/ros2_ws/src/my_cpp_pkg -DCMAKE_INSTALL_PREFIX=/home/zadok/ros2_ws/src/install/my_cpp_pkg
[3.617s] Invoking command in '/home/zadok/ros2_ws/src/build/my_cpp_pkg': CMAKE_PREFIX_PATH=${CMAKE_PREFIX_PATH}:/opt/ros/jazzy DEBUGINFOD_URLS=https://debuginfod.ubuntu.com /usr/bin/cmake --build /home/zadok/ros2_ws/src/build/my_cpp_pkg -- -j2 -l2
[3.681s] Invoked command in '/home/zadok/ros2_ws/src/build/my_cpp_pkg' returned '0': CMAKE_PREFIX_PATH=${CMAKE_PREFIX_PATH}:/opt/ros/jazzy DEBUGINFOD_URLS=https://debuginfod.ubuntu.com /usr/bin/cmake --build /home/zadok/ros2_ws/src/build/my_cpp_pkg -- -j2 -l2
[3.766s] Invoking command in '/home/zadok/ros2_ws/src/build/my_cpp_pkg': CMAKE_PREFIX_PATH=${CMAKE_PREFIX_PATH}:/opt/ros/jazzy DEBUGINFOD_URLS=https://debuginfod.ubuntu.com /usr/bin/cmake --install /home/zadok/ros2_ws/src/build/my_cpp_pkg
[3.780s] -- Install configuration: ""
[3.780s] -- Installing: /home/zadok/ros2_ws/src/install/my_cpp_pkg/share/ament_index/resource_index/package_run_dependencies/my_cpp_pkg
[3.781s] -- Installing: /home/zadok/ros2_ws/src/install/my_cpp_pkg/share/ament_index/resource_index/parent_prefix_path/my_cpp_pkg
[3.781s] -- Installing: /home/zadok/ros2_ws/src/install/my_cpp_pkg/share/my_cpp_pkg/environment/ament_prefix_path.sh
[3.781s] -- Installing: /home/zadok/ros2_ws/src/install/my_cpp_pkg/share/my_cpp_pkg/environment/ament_prefix_path.dsv
[3.781s] -- Installing: /home/zadok/ros2_ws/src/install/my_cpp_pkg/share/my_cpp_pkg/environment/path.sh
[3.783s] -- Installing: /home/zadok/ros2_ws/src/install/my_cpp_pkg/share/my_cpp_pkg/environment/path.dsv
[3.783s] -- Installing: /home/zadok/ros2_ws/src/install/my_cpp_pkg/share/my_cpp_pkg/local_setup.bash
[3.783s] -- Installing: /home/zadok/ros2_ws/src/install/my_cpp_pkg/share/my_cpp_pkg/local_setup.sh
[3.783s] -- Installing: /home/zadok/ros2_ws/src/install/my_cpp_pkg/share/my_cpp_pkg/local_setup.zsh
[3.783s] -- Installing: /home/zadok/ros2_ws/src/install/my_cpp_pkg/share/my_cpp_pkg/local_setup.dsv
[3.784s] -- Installing: /home/zadok/ros2_ws/src/install/my_cpp_pkg/share/my_cpp_pkg/package.dsv
[3.784s] -- Installing: /home/zadok/ros2_ws/src/install/my_cpp_pkg/share/ament_index/resource_index/packages/my_cpp_pkg
[3.784s] -- Installing: /home/zadok/ros2_ws/src/install/my_cpp_pkg/share/my_cpp_pkg/cmake/my_cpp_pkgConfig.cmake
[3.784s] -- Installing: /home/zadok/ros2_ws/src/install/my_cpp_pkg/share/my_cpp_pkg/cmake/my_cpp_pkgConfig-version.cmake
[3.784s] -- Installing: /home/zadok/ros2_ws/src/install/my_cpp_pkg/share/my_cpp_pkg/package.xml
[3.790s] Invoked command in '/home/zadok/ros2_ws/src/build/my_cpp_pkg' returned '0': CMAKE_PREFIX_PATH=${CMAKE_PREFIX_PATH}:/opt/ros/jazzy DEBUGINFOD_URLS=https://debuginfod.ubuntu.com /usr/bin/cmake --install /home/zadok/ros2_ws/src/build/my_cpp_pkg
