[2.489s] Invoking command in '/home/zadok/ros2_ws/src/my_py_pkg': DEBUGINFOD_URLS=https://debuginfod.ubuntu.com PYTHONPATH=/home/zadok/ros2_ws/src/build/my_py_pkg/prefix_override:/usr/lib/python3/dist-packages/colcon_core/task/python/colcon_distutils_commands:/home/zadok/ros2_ws/src/install/my_py_pkg/lib/python3.12/site-packages:${PYTHONPATH} /usr/bin/python3 -W ignore:setup.py install is deprecated setup.py egg_info --egg-base ../build/my_py_pkg build --build-base /home/zadok/ros2_ws/src/build/my_py_pkg/build install --record /home/zadok/ros2_ws/src/build/my_py_pkg/install.log --single-version-externally-managed install_data
[3.168s] running egg_info
[3.236s] writing ../build/my_py_pkg/my_py_pkg.egg-info/PKG-INFO
[3.238s] writing dependency_links to ../build/my_py_pkg/my_py_pkg.egg-info/dependency_links.txt
[3.243s] writing entry points to ../build/my_py_pkg/my_py_pkg.egg-info/entry_points.txt
[3.245s] writing requirements to ../build/my_py_pkg/my_py_pkg.egg-info/requires.txt
[3.248s] writing top-level names to ../build/my_py_pkg/my_py_pkg.egg-info/top_level.txt
[3.323s] reading manifest file '../build/my_py_pkg/my_py_pkg.egg-info/SOURCES.txt'
[3.336s] writing manifest file '../build/my_py_pkg/my_py_pkg.egg-info/SOURCES.txt'
[3.345s] running build
[3.347s] running build_py
[3.350s] copying my_py_pkg/robot_news_station.py -> /home/zadok/ros2_ws/src/build/my_py_pkg/build/lib/my_py_pkg
[3.350s] copying my_py_pkg/number_publisher.py -> /home/zadok/ros2_ws/src/build/my_py_pkg/build/lib/my_py_pkg
[3.354s] copying my_py_pkg/my_first_node.py -> /home/zadok/ros2_ws/src/build/my_py_pkg/build/lib/my_py_pkg
[3.354s] copying my_py_pkg/smartphone.py -> /home/zadok/ros2_ws/src/build/my_py_pkg/build/lib/my_py_pkg
[3.355s] copying my_py_pkg/number_counter.py -> /home/zadok/ros2_ws/src/build/my_py_pkg/build/lib/my_py_pkg
[3.355s] copying my_py_pkg/add_two_ints_client_no_oop.py -> /home/zadok/ros2_ws/src/build/my_py_pkg/build/lib/my_py_pkg
[3.355s] copying my_py_pkg/add_two_ints_client.py -> /home/zadok/ros2_ws/src/build/my_py_pkg/build/lib/my_py_pkg
[3.355s] copying my_py_pkg/add_two_ints_server.py -> /home/zadok/ros2_ws/src/build/my_py_pkg/build/lib/my_py_pkg
[3.363s] running install
[3.395s] running install_lib
[3.505s] copying /home/zadok/ros2_ws/src/build/my_py_pkg/build/lib/my_py_pkg/robot_news_station.py -> /home/zadok/ros2_ws/src/install/my_py_pkg/lib/python3.12/site-packages/my_py_pkg
[3.511s] copying /home/zadok/ros2_ws/src/build/my_py_pkg/build/lib/my_py_pkg/number_publisher.py -> /home/zadok/ros2_ws/src/install/my_py_pkg/lib/python3.12/site-packages/my_py_pkg
[3.511s] copying /home/zadok/ros2_ws/src/build/my_py_pkg/build/lib/my_py_pkg/my_first_node.py -> /home/zadok/ros2_ws/src/install/my_py_pkg/lib/python3.12/site-packages/my_py_pkg
[3.511s] copying /home/zadok/ros2_ws/src/build/my_py_pkg/build/lib/my_py_pkg/smartphone.py -> /home/zadok/ros2_ws/src/install/my_py_pkg/lib/python3.12/site-packages/my_py_pkg
[3.511s] copying /home/zadok/ros2_ws/src/build/my_py_pkg/build/lib/my_py_pkg/number_counter.py -> /home/zadok/ros2_ws/src/install/my_py_pkg/lib/python3.12/site-packages/my_py_pkg
[3.512s] copying /home/zadok/ros2_ws/src/build/my_py_pkg/build/lib/my_py_pkg/add_two_ints_client_no_oop.py -> /home/zadok/ros2_ws/src/install/my_py_pkg/lib/python3.12/site-packages/my_py_pkg
[3.512s] copying /home/zadok/ros2_ws/src/build/my_py_pkg/build/lib/my_py_pkg/add_two_ints_client.py -> /home/zadok/ros2_ws/src/install/my_py_pkg/lib/python3.12/site-packages/my_py_pkg
[3.512s] copying /home/zadok/ros2_ws/src/build/my_py_pkg/build/lib/my_py_pkg/add_two_ints_server.py -> /home/zadok/ros2_ws/src/install/my_py_pkg/lib/python3.12/site-packages/my_py_pkg
[3.532s] byte-compiling /home/zadok/ros2_ws/src/install/my_py_pkg/lib/python3.12/site-packages/my_py_pkg/robot_news_station.py to robot_news_station.cpython-312.pyc
[3.540s] byte-compiling /home/zadok/ros2_ws/src/install/my_py_pkg/lib/python3.12/site-packages/my_py_pkg/number_publisher.py to number_publisher.cpython-312.pyc
[3.545s] byte-compiling /home/zadok/ros2_ws/src/install/my_py_pkg/lib/python3.12/site-packages/my_py_pkg/my_first_node.py to my_first_node.cpython-312.pyc
[3.557s] byte-compiling /home/zadok/ros2_ws/src/install/my_py_pkg/lib/python3.12/site-packages/my_py_pkg/smartphone.py to smartphone.cpython-312.pyc
[3.576s] byte-compiling /home/zadok/ros2_ws/src/install/my_py_pkg/lib/python3.12/site-packages/my_py_pkg/number_counter.py to number_counter.cpython-312.pyc
[3.582s] byte-compiling /home/zadok/ros2_ws/src/install/my_py_pkg/lib/python3.12/site-packages/my_py_pkg/add_two_ints_client_no_oop.py to add_two_ints_client_no_oop.cpython-312.pyc
[3.607s] byte-compiling /home/zadok/ros2_ws/src/install/my_py_pkg/lib/python3.12/site-packages/my_py_pkg/add_two_ints_client.py to add_two_ints_client.cpython-312.pyc
[3.610s] byte-compiling /home/zadok/ros2_ws/src/install/my_py_pkg/lib/python3.12/site-packages/my_py_pkg/add_two_ints_server.py to add_two_ints_server.cpython-312.pyc
[3.610s] running install_data
[3.610s] copying package.xml -> /home/zadok/ros2_ws/src/install/my_py_pkg/share/my_py_pkg
[3.611s] running install_egg_info
[3.704s] removing '/home/zadok/ros2_ws/src/install/my_py_pkg/lib/python3.12/site-packages/my_py_pkg-0.0.0-py3.12.egg-info' (and everything under it)
[3.713s] Copying ../build/my_py_pkg/my_py_pkg.egg-info to /home/zadok/ros2_ws/src/install/my_py_pkg/lib/python3.12/site-packages/my_py_pkg-0.0.0-py3.12.egg-info
[3.756s] running install_scripts
[4.426s] Installing add_two_ints_client script to /home/zadok/ros2_ws/src/install/my_py_pkg/lib/my_py_pkg
[4.435s] Installing add_two_ints_client_no_oop script to /home/zadok/ros2_ws/src/install/my_py_pkg/lib/my_py_pkg
[4.440s] Installing add_two_ints_server script to /home/zadok/ros2_ws/src/install/my_py_pkg/lib/my_py_pkg
[4.440s] Installing number_counter script to /home/zadok/ros2_ws/src/install/my_py_pkg/lib/my_py_pkg
[4.442s] Installing number_publisher script to /home/zadok/ros2_ws/src/install/my_py_pkg/lib/my_py_pkg
[4.445s] Installing py_node script to /home/zadok/ros2_ws/src/install/my_py_pkg/lib/my_py_pkg
[4.449s] Installing robot_news_station script to /home/zadok/ros2_ws/src/install/my_py_pkg/lib/my_py_pkg
[4.460s] Installing smartphone script to /home/zadok/ros2_ws/src/install/my_py_pkg/lib/my_py_pkg
[4.469s] writing list of installed files to '/home/zadok/ros2_ws/src/build/my_py_pkg/install.log'
[4.614s] Invoked command in '/home/zadok/ros2_ws/src/my_py_pkg' returned '0': DEBUGINFOD_URLS=https://debuginfod.ubuntu.com PYTHONPATH=/home/zadok/ros2_ws/src/build/my_py_pkg/prefix_override:/usr/lib/python3/dist-packages/colcon_core/task/python/colcon_distutils_commands:/home/zadok/ros2_ws/src/install/my_py_pkg/lib/python3.12/site-packages:${PYTHONPATH} /usr/bin/python3 -W ignore:setup.py install is deprecated setup.py egg_info --egg-base ../build/my_py_pkg build --build-base /home/zadok/ros2_ws/src/build/my_py_pkg/build install --record /home/zadok/ros2_ws/src/build/my_py_pkg/install.log --single-version-externally-managed install_data
